L 1 "..\LCD\comma_face_01.c"
N/*********************************************************************
N*                SEGGER Microcontroller GmbH & Co. KG                *
N*        Solutions for real time microcontroller applications        *
N*                           www.segger.com                           *
N**********************************************************************
N*                                                                    *
N* C-file generated by                                                *
N*                                                                    *
N*        Bitmap converter for emWin V5.12.                           *
N*        Compiled Jun 29 2011, 15:28:21                              *
N*        (C) 1998 - 2010 Segger Microcontroller GmbH & Co. KG        *
N*                                                                    *
N**********************************************************************
N*                                                                    *
N* Source file: comma_face_01                                         *
N* Dimensions:  64 * 64                                               *
N* NumColors:   32bpp: 16777216 + 256                                 *
N*                                                                    *
N**********************************************************************
N*/
N
N#include "stdint.h"
L 1 "..\USR\stm32\stdint.h" 1
N/* Copyright (C) ARM Ltd., 1999 */
N/* All rights reserved */
N
N/*
N * RCS $Revision: 180721 $
N * Checkin $Date: 2013-06-24 09:41:57 +0100 (Mon, 24 Jun 2013) $
N * Revising $Author: agrant $
N */
N
N#ifndef __stdint_h
N#define __stdint_h
N#define __ARMCLIB_VERSION 5040049
N
N/*
N * Depending on compiler version __int64 or __INT64_TYPE__ should be defined.
N */
N#ifndef __int64
N  #ifdef __INT64_TYPE__
S    #define __int64 __INT64_TYPE__
N  #endif
N  /* On some architectures neither of these may be defined - if so, fall
N     through and error out if used. */
N#endif
N
N  #ifndef __STDINT_DECLS
N  #define __STDINT_DECLS
N
N    #undef __CLIBNS
N
N    #ifdef __cplusplus
S      namespace std {
S          #define __CLIBNS std::
S          extern "C" {
N    #else
N      #define __CLIBNS
N    #endif  /* __cplusplus */
N
N
N/*
N * 'signed' is redundant below, except for 'signed char' and if
N * the typedef is used to declare a bitfield.
N * '__int64' is used instead of 'long long' so that this header
N * can be used in --strict mode.
N */
N
N    /* 7.18.1.1 */
N
N    /* exact-width signed integer types */
Ntypedef   signed          char int8_t;
Ntypedef   signed short     int int16_t;
Ntypedef   signed           int int32_t;
Ntypedef   signed       __int64 int64_t;
N
N    /* exact-width unsigned integer types */
Ntypedef unsigned          char uint8_t;
Ntypedef unsigned short     int uint16_t;
Ntypedef unsigned           int uint32_t;
Ntypedef unsigned       __int64 uint64_t;
N
N
Ntypedef enum{FALSE = 0, TRUE = !FALSE}bool;
N
N    /* 7.18.1.2 */
N
N    /* smallest type of at least n bits */
N    /* minimum-width signed integer types */
Ntypedef   signed          char int_least8_t;
Ntypedef   signed short     int int_least16_t;
Ntypedef   signed           int int_least32_t;
Ntypedef   signed       __int64 int_least64_t;
N
N    /* minimum-width unsigned integer types */
Ntypedef unsigned          char uint_least8_t;
Ntypedef unsigned short     int uint_least16_t;
Ntypedef unsigned           int uint_least32_t;
Ntypedef unsigned       __int64 uint_least64_t;
N
N    /* 7.18.1.3 */
N
N    /* fastest minimum-width signed integer types */
Ntypedef   signed           int int_fast8_t;
Ntypedef   signed           int int_fast16_t;
Ntypedef   signed           int int_fast32_t;
Ntypedef   signed       __int64 int_fast64_t;
N
N    /* fastest minimum-width unsigned integer types */
Ntypedef unsigned           int uint_fast8_t;
Ntypedef unsigned           int uint_fast16_t;
Ntypedef unsigned           int uint_fast32_t;
Ntypedef unsigned       __int64 uint_fast64_t;
N
N    /* 7.18.1.4 integer types capable of holding object pointers */
Ntypedef   signed           int intptr_t;
Ntypedef unsigned           int uintptr_t;
N
N    /* 7.18.1.5 greatest-width integer types */
Ntypedef   signed       __int64 intmax_t;
Ntypedef unsigned       __int64 uintmax_t;
N
N
N#if !defined(__cplusplus) || defined(__STDC_LIMIT_MACROS)
X#if !0L || 0L
N
N    /* 7.18.2.1 */
N
N    /* minimum values of exact-width signed integer types */
N#define INT8_MIN                   -128
N#define INT16_MIN                -32768
N#define INT32_MIN          (~0x7fffffff)   /* -2147483648 is unsigned */
N#define INT64_MIN  __ESCAPE__(~0x7fffffffffffffffll) /* -9223372036854775808 is unsigned */
N
N    /* maximum values of exact-width signed integer types */
N#define INT8_MAX                    127
N#define INT16_MAX                 32767
N#define INT32_MAX            2147483647
N#define INT64_MAX  __ESCAPE__(9223372036854775807ll)
N
N    /* maximum values of exact-width unsigned integer types */
N#define UINT8_MAX                   255
N#define UINT16_MAX                65535
N#define UINT32_MAX           4294967295u
N#define UINT64_MAX __ESCAPE__(18446744073709551615ull)
N
N    /* 7.18.2.2 */
N
N    /* minimum values of minimum-width signed integer types */
N#define INT_LEAST8_MIN                   -128
N#define INT_LEAST16_MIN                -32768
N#define INT_LEAST32_MIN          (~0x7fffffff)
N#define INT_LEAST64_MIN  __ESCAPE__(~0x7fffffffffffffffll)
N
N    /* maximum values of minimum-width signed integer types */
N#define INT_LEAST8_MAX                    127
N#define INT_LEAST16_MAX                 32767
N#define INT_LEAST32_MAX            2147483647
N#define INT_LEAST64_MAX  __ESCAPE__(9223372036854775807ll)
N
N    /* maximum values of minimum-width unsigned integer types */
N#define UINT_LEAST8_MAX                   255
N#define UINT_LEAST16_MAX                65535
N#define UINT_LEAST32_MAX           4294967295u
N#define UINT_LEAST64_MAX __ESCAPE__(18446744073709551615ull)
N
N    /* 7.18.2.3 */
N
N    /* minimum values of fastest minimum-width signed integer types */
N#define INT_FAST8_MIN           (~0x7fffffff)
N#define INT_FAST16_MIN          (~0x7fffffff)
N#define INT_FAST32_MIN          (~0x7fffffff)
N#define INT_FAST64_MIN  __ESCAPE__(~0x7fffffffffffffffll)
N
N    /* maximum values of fastest minimum-width signed integer types */
N#define INT_FAST8_MAX             2147483647
N#define INT_FAST16_MAX            2147483647
N#define INT_FAST32_MAX            2147483647
N#define INT_FAST64_MAX  __ESCAPE__(9223372036854775807ll)
N
N    /* maximum values of fastest minimum-width unsigned integer types */
N#define UINT_FAST8_MAX            4294967295u
N#define UINT_FAST16_MAX           4294967295u
N#define UINT_FAST32_MAX           4294967295u
N#define UINT_FAST64_MAX __ESCAPE__(18446744073709551615ull)
N
N    /* 7.18.2.4 */
N
N    /* minimum value of pointer-holding signed integer type */
N#define INTPTR_MIN (~0x7fffffff)
N
N    /* maximum value of pointer-holding signed integer type */
N#define INTPTR_MAX   2147483647
N
N    /* maximum value of pointer-holding unsigned integer type */
N#define UINTPTR_MAX  4294967295u
N
N    /* 7.18.2.5 */
N
N    /* minimum value of greatest-width signed integer type */
N#define INTMAX_MIN  __ESCAPE__(~0x7fffffffffffffffll)
N
N    /* maximum value of greatest-width signed integer type */
N#define INTMAX_MAX  __ESCAPE__(9223372036854775807ll)
N
N    /* maximum value of greatest-width unsigned integer type */
N#define UINTMAX_MAX __ESCAPE__(18446744073709551615ull)
N
N    /* 7.18.3 */
N
N    /* limits of ptrdiff_t */
N#define PTRDIFF_MIN (~0x7fffffff)
N#define PTRDIFF_MAX   2147483647
N
N    /* limits of sig_atomic_t */
N#define SIG_ATOMIC_MIN (~0x7fffffff)
N#define SIG_ATOMIC_MAX   2147483647
N
N    /* limit of size_t */
N#define SIZE_MAX 4294967295u
N
N    /* limits of wchar_t */
N    /* NB we have to undef and redef because they're defined in both
N     * stdint.h and wchar.h */
N#undef WCHAR_MIN
N#undef WCHAR_MAX
N
N#if defined(__WCHAR32) || (defined(__ARM_SIZEOF_WCHAR_T) && __ARM_SIZEOF_WCHAR_T == 4)
X#if 0L || (0L && __ARM_SIZEOF_WCHAR_T == 4)
S  #define WCHAR_MIN   0
S  #define WCHAR_MAX   0xffffffffU
N#else
N  #define WCHAR_MIN   0
N  #define WCHAR_MAX   65535
N#endif
N
N    /* limits of wint_t */
N#define WINT_MIN (~0x7fffffff)
N#define WINT_MAX 2147483647
N
N#endif /* __STDC_LIMIT_MACROS */
N
N#if !defined(__cplusplus) || defined(__STDC_CONSTANT_MACROS)
X#if !0L || 0L
N
N    /* 7.18.4.1 macros for minimum-width integer constants */
N#define INT8_C(x)   (x)
N#define INT16_C(x)  (x)
N#define INT32_C(x)  (x)
N#define INT64_C(x)  __ESCAPE__(x ## ll)
N
N#define UINT8_C(x)  (x ## u)
N#define UINT16_C(x) (x ## u)
N#define UINT32_C(x) (x ## u)
N#define UINT64_C(x) __ESCAPE__(x ## ull)
N
N    /* 7.18.4.2 macros for greatest-width integer constants */
N#define INTMAX_C(x)  __ESCAPE__(x ## ll)
N#define UINTMAX_C(x) __ESCAPE__(x ## ull)
N
N#endif /* __STDC_CONSTANT_MACROS */
N
N    #ifdef __cplusplus
S         }  /* extern "C" */
S      }  /* namespace std */
N    #endif /* __cplusplus */
N  #endif /* __STDINT_DECLS */
N
N  #ifdef __cplusplus
S    #ifndef __STDINT_NO_EXPORTS
S      using ::std::int8_t;
S      using ::std::int16_t;
S      using ::std::int32_t;
S      using ::std::int64_t;
S      using ::std::uint8_t;
S      using ::std::uint16_t;
S      using ::std::uint32_t;
S      using ::std::uint64_t;
S      using ::std::int_least8_t;
S      using ::std::int_least16_t;
S      using ::std::int_least32_t;
S      using ::std::int_least64_t;
S      using ::std::uint_least8_t;
S      using ::std::uint_least16_t;
S      using ::std::uint_least32_t;
S      using ::std::uint_least64_t;
S      using ::std::int_fast8_t;
S      using ::std::int_fast16_t;
S      using ::std::int_fast32_t;
S      using ::std::int_fast64_t;
S      using ::std::uint_fast8_t;
S      using ::std::uint_fast16_t;
S      using ::std::uint_fast32_t;
S      using ::std::uint_fast64_t;
S      using ::std::intptr_t;
S      using ::std::uintptr_t;
S      using ::std::intmax_t;
S      using ::std::uintmax_t;
S    #endif 
N  #endif /* __cplusplus */
N
N#endif /* __stdint_h */
N
N/* end of stdint.h */
N
N
N
L 23 "..\LCD\comma_face_01.c" 2
N
N
N
N const uint32_t accomma_face_01[] = {
N  0xFFFFFFFF, 0xFFFFFFFF, 0xFFFFFFFF, 0xFFFFFFFF, 0xFFFFFFFF, 0xFFFFFFFF, 0xFFFFFFFF, 0xFFFFFFFF, 0xFFFFFFFF, 0xFFFFFFFF, 0xFFFFFFFF, 0xFFFFFFFF, 0xFFFFFFFF, 0xFFFFFFFF, 0xFFFFFFFF, 0xFFFFFFFF, 0xFFFFFFFF, 0xFFFFFFFF, 0xFFFFFFFF, 0xFFFFFFFF, 0xFFFFFFFF, 
N        0xFFFFFFFF, 0xFFFFFFFF, 0xFFFFFFFF, 0xFFFFFFFF, 0xFFFFFFFF, 0xFFFFFFFF, 0xFFFFFFFF, 0xFFFFFFFF, 0xFFFFFFFF, 0xFFFFFFFF, 0xFFFFFFFF, 0xFFFFFFFF, 0xFFFFFFFF, 0xFFFFFFFF, 0xFFFFFFFF, 0xFFFFFFFF, 0xFFFFFFFF, 0xFFFFFFFF, 0xFFFFFFFF, 0xFFFFFFFF, 
N        0xFFFFFFFF, 0xFFFFFFFF, 0xFFFFFFFF, 0xFFFFFFFF, 0xFFFFFFFF, 0xFFFFFFFF, 0xFFFFFFFF, 0xFFFFFFFF, 0xFFFFFFFF, 0xFFFFFFFF, 0xFFFFFFFF, 0xFFFFFFFF, 0xFFFFFFFF, 0xFFFFFFFF, 0xFFFFFFFF, 0xFFFFFFFF, 0xFFFFFFFF, 0xFFFFFFFF, 0xFFFFFFFF, 0xFFFFFFFF, 
N        0xFFFFFFFF, 0xFFFFFFFF, 0xFFFFFFFF,
N  0xFFFFFFFF, 0xFFFFFFFF, 0xFFFFFFFF, 0xFFFFFFFF, 0xFFFFFFFF, 0xFFFFFFFF, 0xFFFFFFFF, 0xFFFFFFFF, 0xFFFFFFFF, 0xFFFFFFFF, 0xFFFFFFFF, 0xFFFFFFFF, 0xFFFFFFFF, 0xFFFFFFFF, 0xFFFFFFFF, 0xFFFFFFFF, 0xFFFFFFFF, 0xFFFFFFFF, 0xFFFFFFFF, 0xFFFFFFFF, 0xFFFFFFFF, 
N        0xFFFFFFFF, 0xFFFFFFFF, 0xFFFFFFFF, 0xFFFFFFFF, 0xFFFFFFFF, 0xFFFFFFFF, 0xFFFFFFFF, 0xFFFFFFFF, 0xFFFFFFFF, 0xFFFFFFFF, 0xFFFFFFFF, 0xFFFFFFFF, 0xFFFFFFFF, 0xFFFFFFFF, 0xFFFFFFFF, 0xFFFFFFFF, 0xFFFFFFFF, 0xFFFFFFFF, 0xFFFFFFFF, 0xFFFFFFFF, 
N        0xFFFFFFFF, 0xFFFFFFFF, 0xFFFFFFFF, 0xFFFFFFFF, 0xFFFFFFFF, 0xFFFFFFFF, 0xFFFFFFFF, 0xFFFFFFFF, 0xFFFFFFFF, 0xFFFFFFFF, 0xFFFFFFFF, 0xFFFFFFFF, 0xFFFFFFFF, 0xFFFFFFFF, 0xFFFFFFFF, 0xFFFFFFFF, 0xFFFFFFFF, 0xFFFFFFFF, 0xFFFFFFFF, 0xFFFFFFFF, 
N        0xFFFFFFFF, 0xFFFFFFFF, 0xFFFFFFFF,
N  0xFFFFFFFF, 0xFFFFFFFF, 0xFFFFFFFF, 0xFFFFFFFF, 0xFFFFFFFF, 0xFFFFFFFF, 0xFF00A9FF, 0xFFFFFFFF, 0xFFFFFFFF, 0xFFFFFFFF, 0xFFFFFFFF, 0xFFFFFFFF, 0xFFFFFFFF, 0xFFFFFFFF, 0xFFFFFFFF, 0xFFFFFFFF, 0xFFFFFFFF, 0xFFFFFFFF, 0xFFFFFFFF, 0xFFFFFFFF, 0xFFFFFFFF, 
N        0xFFFFFFFF, 0xFFFFFFFF, 0xFFFFFFFF, 0xFFFFFFFF, 0xE000BDFF, 0xA600BBFF, 0x6303BAFF, 0x3C04B7FF, 0x2504B3FE, 0x1804B1FF, 0x1104AFFE, 0x1103AFFE, 0x1803B0FE, 0x2502B3FE, 0x3D00B6FE, 0x6400B8FE, 0xA700BAFE, 0xE100BCFE, 0xFFFFFFFF, 0xFFFFFFFF, 
N        0xFFFFFFFF, 0xFFFFFFFF, 0xFFFFFFFF, 0xFFFFFFFF, 0xFFFFFFFF, 0xFFFFFFFF, 0xFFFFFFFF, 0xFFFFFFFF, 0xFFFFFFFF, 0xFFFFFFFF, 0xFFFFFFFF, 0xFF00A9FF, 0xFF00A9FF, 0xFF00A9FF, 0xFFFFFFFF, 0xFFFFFFFF, 0xFFFFFFFF, 0xFFFFFFFF, 0xFFFFFFFF, 0xFFFFFFFF, 
N        0xFFFFFFFF, 0xFFFFFFFF, 0xFFFFFFFF,
N  0xFFFFFFFF, 0xFFFFFFFF, 0xFFFFFFFF, 0xFFFFFFFF, 0xFFFFFFFF, 0xFFFFFFFF, 0xFF00A9FF, 0xFFFFFFFF, 0xFFFFFFFF, 0xFFFFFFFF, 0xFFFFFFFF, 0xFFFFFFFF, 0xFFFFFFFF, 0xFFFFFFFF, 0xFFFFFFFF, 0xFFFFFFFF, 0xFFFFFFFF, 0xFFFFFFFF, 0xFFFFFFFF, 0xFFFFFFFF, 0xFFFFFFFF, 
N        0xFFFFFFFF, 0xFFFFFFFF, 0xB807BEFF, 0x5A0BBBFF, 0x1C11B6FE, 0x061FB5FF, 0x0028B7FF, 0x002DB8FF, 0x0030B9FF, 0x0031B9FF, 0x002AB7FF, 0x0023B5FF, 0x001DB2FF, 0x0018B1FF, 0x0011AFFF, 0x000BADFF, 0x0705ACFE, 0x1F02B1FE, 0x6100B8FE, 0xBC00BBFE, 
N        0xFFFFFFFF, 0xFFFFFFFF, 0xFFFFFFFF, 0xFFFFFFFF, 0xFFFFFFFF, 0xFFFFFFFF, 0xFFFFFFFF, 0xFFFFFFFF, 0xFFFFFFFF, 0xFFFFFFFF, 0xFFFFFFFF, 0xFF00A9FF, 0xFF00A9FF, 0xFF00A9FF, 0xFFFFFFFF, 0xFFFFFFFF, 0xFFFFFFFF, 0xFFFFFFFF, 0xFFFFFFFF, 0xFFFFFFFF, 
N        0xFFFFFFFF, 0xFFFFFFFF, 0xFFFFFFFF,
N  0xFFFFFFFF, 0xFFFFFFFF, 0xFFFFFFFF, 0xFFFFFFFF, 0xFFFFFFFF, 0xFFFFFFFF, 0xFF00A9FF, 0xFFFFFFFF, 0xFFFFFFFF, 0xFFFFFFFF, 0xFFFFFFFF, 0xFFFFFFFF, 0xFFFFFFFF, 0xFFFFFFFF, 0xFFFFFFFF, 0xFFFFFFFF, 0xFFFFFFFF, 0xFFFFFFFF, 0xFFFFFFFF, 0xFFFFFFFF, 0xF500BEFF, 
N        0x7A0ABDFF, 0x1815B6FF, 0x0132BBFF, 0x0054C6FF, 0x006DCEFF, 0x0079D2FF, 0x0081D4FF, 0x0081D4FF, 0x007FD4FF, 0x0077D1FF, 0x006BCDFF, 0x005FC9FF, 0x0054C5FF, 0x0045C0FF, 0x0036BCFF, 0x002AB7FF, 0x001EB3FF, 0x0014B0FF, 0x000BADFF, 0x0203ABFE, 
N        0x2101B0FE, 0x8700BAFE, 0xF700BFFD, 0xFFFFFFFF, 0xFFFFFFFF, 0xFFFFFFFF, 0xFFFFFFFF, 0xFFFFFFFF, 0xFFFFFFFF, 0xFFFFFFFF, 0xFFFFFFFF, 0xFF00A9FF, 0xFF00A9FF, 0xFF00A9FF, 0xFFFFFFFF, 0xFFFFFFFF, 0xFFFFFFFF, 0xFFFFFFFF, 0xFFFFFFFF, 0xFFFFFFFF, 
N        0xFFFFFFFF, 0xFFFFFFFF, 0xFFFFFFFF,
N  0xFFFFFFFF, 0xFFFFFFFF, 0xFFFFFFFF, 0xFFFFFFFF, 0xFFFFFFFF, 0xFFFFFFFF, 0xFF00A9FF, 0xFFFFFFFF, 0xFFFFFFFF, 0xFFFFFFFF, 0xFFFFFFFF, 0xFFFFFFFF, 0xFFFFFFFF, 0xFFFFFFFF, 0xFFFFFFFF, 0xFFFFFFFF, 0xFFFFFFFF, 0xFFFFFFFF, 0xFFFFFFFF, 0x720BBDFF, 0x0C22B9FF, 
N        0x0055C5FF, 0x007FD4FF, 0x0096DCFF, 0x009EDEFF, 0x009EDEFF, 0x0094DBFF, 0x0084D5FF, 0x0074D1FF, 0x0069CDFF, 0x005FC9FF, 0x005AC8FF, 0x0054C5FF, 0x0052C4FF, 0x0050C4FF, 0x004EC3FF, 0x0044C0FF, 0x003BBDFF, 0x0031B9FF, 0x0023B4FF, 0x0017B0FE, 
N        0x000BABFE, 0x0004A9FE, 0x1B00AFFD, 0x8A00BCFD, 0xFFFFFFFF, 0xFFFFFFFF, 0xFFFFFFFF, 0xFFFFFFFF, 0xFFFFFFFF, 0xFFFFFFFF, 0xFFFFFFFF, 0xFF00A9FF, 0xFF00A9FF, 0xFF00A9FF, 0xFFFFFFFF, 0xFFFFFFFF, 0xFFFFFFFF, 0xFFFFFFFF, 0xFFFFFFFF, 0xFFFFFFFF, 
N        0xFFFFFFFF, 0xFFFFFFFF, 0xFFFFFFFF,
N  0xFFFFFFFF, 0xFFFFFFFF, 0xFFFFFFFF, 0xFFFFFFFF, 0xFFFFFFFF, 0xFFFFFFFF, 0xFF00A9FF, 0xFFFFFFFF, 0xFFFFFFFF, 0xFFFFFFFF, 0xFFFFFFFF, 0xFFFFFFFF, 0xFFFFFFFF, 0xFFFFFFFF, 0xFFFFFFFF, 0xFFFFFFFF, 0xFFFFFFFF, 0xAE06BEFF, 0x1819B9FF, 0x0058C7FF, 0x008DD9FF, 
N        0x00A0DFFF, 0x009DDEFF, 0x008ED9FF, 0x0075D0FF, 0x005FCAFF, 0x004BC2FF, 0x0043BFFF, 0x0041BFFF, 0x003FBEFF, 0x003DBEFF, 0x003BBDFF, 0x0038BCFF, 0x0036BBFF, 0x0034BBFF, 0x0032BAFF, 0x0032BAFF, 0x0031BAFF, 0x002EB9FF, 0x002EB8FF, 0x0029B5FE, 
N        0x001EB0FE, 0x0014ABFD, 0x0008A6FC, 0x0002A7FC, 0x3300B4FC, 0xC300C0FC, 0xFFFFFFFF, 0xFFFFFFFF, 0xFFFFFFFF, 0xFFFFFFFF, 0xFFFFFFFF, 0xFF00A9FF, 0xFF00A9FF, 0xFF00A9FF, 0xFFFFFFFF, 0xFFFFFFFF, 0xFFFFFFFF, 0xFFFFFFFF, 0xFFFFFFFF, 0xFFFFFFFF, 
N        0xFFFFFFFF, 0xFFFFFFFF, 0xFFFFFFFF,
N  0xFFFFFFFF, 0xFFFFFFFF, 0xFFFFFFFF, 0xFFFFFFFF, 0xFFFFFFFF, 0xFFFFFFFF, 0xFF00A9FF, 0xFFFFFFFF, 0xFFFFFFFF, 0xFFFFFFFF, 0xFFFFFFFF, 0xFFFFFFFF, 0xFFFFFFFF, 0xFFFFFFFF, 0xFFFFFFFF, 0xFFFFFFFF, 0x5A0BBCFF, 0x0235BCFF, 0x0084D5FF, 0x00A2E0FF, 0x00A3E0FF, 
N        0x008CD8FF, 0x0071CFFF, 0x005AC7FF, 0x0052C5FF, 0x004EC3FF, 0x0049C2FF, 0x0045C1FF, 0x0041BFFF, 0x003DBEFF, 0x003BBDFF, 0x0038BCFF, 0x0037BCFF, 0x0034BBFF, 0x0032BAFF, 0x0030B9FF, 0x002EB9FF, 0x002BB8FF, 0x0029B7FF, 0x0027B5FF, 0x0025B5FF, 
N        0x0023B2FE, 0x001FAFFD, 0x0016A9FC, 0x000BA2FB, 0x0003A0FA, 0x0D00AAFA, 0x8400BFFC, 0xFFFFFFFF, 0xFFFFFFFF, 0xFFFFFFFF, 0xFFFFFFFF, 0xFF00A9FF, 0xFF00A9FF, 0xFF00A9FF, 0xFFFFFFFF, 0xFFFFFFFF, 0xFFFFFFFF, 0xFFFFFFFF, 0xFFFFFFFF, 0xFFFFFFFF, 
N        0xFFFFFFFF, 0xFFFFFFFF, 0xFFFFFFFF,
N  0xFFFFFFFF, 0xFFFFFFFF, 0xFFFFFFFF, 0xFFFFFFFF, 0xFFFFFFFF, 0xFFFFFFFF, 0xFF00A9FF, 0xFFFFFFFF, 0xFFFFFFFF, 0xFFFFFFFF, 0xFFFFFFFF, 0xFFFFFFFF, 0xFFFFFFFF, 0xFFFFFFFF, 0xEB00BEFF, 0x2D0DB8FF, 0x0050C3FF, 0x009ADDFF, 0x00A7E1FF, 0x009BDDFF, 0x007AD2FF, 
N        0x0063CBFF, 0x0060C9FF, 0x005ECAFF, 0x005BC9FF, 0x0056C8FF, 0x0050C7FF, 0x004CC4FF, 0x0044C2FF, 0x003FBEFF, 0x003ABCFF, 0x0037BCFF, 0x0035BBFF, 0x0032BAFF, 0x0030B9FF, 0x002EB9FF, 0x002CB8FF, 0x0029B7FF, 0x0027B6FF, 0x0025B5FF, 0x0022B4FF, 
N        0x0020B2FE, 0x001EB0FD, 0x001CACFC, 0x0016A6FB, 0x000D9EF9, 0x000499F7, 0x0000A0F8, 0x5E00BEFB, 0xF300C3FC, 0xFFFFFFFF, 0xFFFFFFFF, 0xFF00A9FF, 0xFF00A9FF, 0xFF00A9FF, 0xFFFFFFFF, 0xFFFFFFFF, 0xFFFFFFFF, 0xFFFFFFFF, 0xFFFFFFFF, 0xFFFFFFFF, 
N        0xFFFFFFFF, 0xFFFFFFFF, 0xFFFFFFFF,
N  0xFFFFFFFF, 0xFFFFFFFF, 0xFFFFFFFF, 0xFFFFFFFF, 0xFFFFFFFF, 0xFFFFFFFF, 0xFF00A9FF, 0xFFFFFFFF, 0xFFFFFFFF, 0xFFFFFFFF, 0xFFFFFFFF, 0xFFFFFFFF, 0xFFFFFFFF, 0xDE00BDFF, 0x1C0EB5FF, 0x005BC7FF, 0x00A1E0FF, 0x00AAE2FF, 0x0090DAFF, 0x0072CFFF, 0x006ACDFF, 
N        0x006ACEFF, 0x0069CFFF, 0x0067CFFF, 0x0063CFFE, 0x005ECEFE, 0x0058CCFE, 0x0050C9FE, 0x0049C5FF, 0x0043C3FF, 0x003BBFFF, 0x0036BBFF, 0x0033BAFF, 0x0031BAFF, 0x002FB9FF, 0x002CB8FF, 0x002AB7FF, 0x0028B6FF, 0x0025B5FF, 0x0023B5FF, 0x0021B3FF, 
N        0x001EB1FE, 0x001CAFFE, 0x001BACFD, 0x0018A7FB, 0x0014A1F9, 0x000B99F7, 0x000391F5, 0x000099F6, 0x4B00B9FA, 0xEC00C3FB, 0xFFFFFFFF, 0xFF00A9FF, 0xFF00A9FF, 0xFF00A9FF, 0xFFFFFFFF, 0xFFFFFFFF, 0xFFFFFFFF, 0xFFFFFFFF, 0xFFFFFFFF, 0xFFFFFFFF, 
N        0xFFFFFFFF, 0xFFFFFFFF, 0xFFFFFFFF,
N  0xFFFFFFFF, 0xFFFFFFFF, 0xFFFFFFFF, 0xFFFFFFFF, 0xFFFFFFFF, 0xFFFFFFFF, 0xFF00A9FF, 0xFFFFFFFF, 0xFFFFFFFF, 0xFFFFFFFF, 0xFFFFFFFF, 0xFFFFFFFF, 0xE200BDFF, 0x180DB4FF, 0x0055C5FF, 0x00A3E0FF, 0x00AAE2FF, 0x0089D8FF, 0x006FCEFF, 0x0072D1FF, 0x0074D3FF, 
N        0x0074D5FE, 0x0073D6FE, 0x0072D7FE, 0x006DD6FE, 0x0068D5FE, 0x0060D3FE, 0x0059D0FE, 0x0050CDFE, 0x0048C8FE, 0x0040C3FE, 0x0037BFFF, 0x0033BBFF, 0x002FB9FF, 0x002DB8FF, 0x002BB8FF, 0x0028B6FF, 0x0026B6FF, 0x0024B5FF, 0x0021B4FF, 0x001FB3FF, 
N        0x001DB1FE, 0x001BAFFE, 0x0019ACFD, 0x0016A7FB, 0x0014A2F9, 0x00119BF8, 0x000992F5, 0x00028BF3, 0x000294F4, 0x4803B8F9, 0xEF00C4FA, 0xFF00A9FF, 0xFF00A9FF, 0xFF00A9FF, 0xFFFFFFFF, 0xFFFFFFFF, 0xFFFFFFFF, 0xFFFFFFFF, 0xFFFFFFFF, 0xFFFFFFFF, 
N        0xFFFFFFFF, 0xFFFFFFFF, 0xFFFFFFFF,
N  0xFFFFFFFF, 0xFFFFFFFF, 0xFFFFFFFF, 0xFFFFFFFF, 0xFFFFFFFF, 0xFFFFFFFF, 0xFF00A9FF, 0xFFFFFFFF, 0xFFFFFFFF, 0xFFFFFFFF, 0xFFFFFFFF, 0xF900BDFF, 0x2209B5FF, 0x0044BFFF, 0x009FDFFF, 0x00ABE3FF, 0x0088D7FF, 0x0073CFFF, 0x0077D3FF, 0x007BD6FE, 0x007DDAFE, 
N        0x007FDCFE, 0x007FDEFE, 0x007CDEFE, 0x0077DEFE, 0x0072DDFE, 0x0068DAFE, 0x0061D8FD, 0x0057D4FD, 0x004CCEFE, 0x0042CAFE, 0x0039C3FE, 0x0031BEFF, 0x002CB9FF, 0x002BB8FF, 0x0029B7FF, 0x0026B6FF, 0x0024B5FF, 0x0022B4FF, 0x001FB3FF, 0x001DB3FF, 
N        0x001BB1FE, 0x0019AFFE, 0x0017ABFD, 0x0015A7FB, 0x0012A2FA, 0x00109CF8, 0x000D95F6, 0x00078BF2, 0x000487F1, 0x000694F1, 0x5B02BCF9, 0xFC00C4FA, 0xFF00A9FF, 0xFF00A9FF, 0xFFFFFFFF, 0xFFFFFFFF, 0xFFFFFFFF, 0xFFFFFFFF, 0xFFFFFFFF, 0xFFFFFFFF, 
N        0xFFFFFFFF, 0xFFFFFFFF, 0xFFFFFFFF,
N  0xFFFFFFFF, 0xFFFFFFFF, 0xFFFFFFFF, 0xFFFFFFFF, 0xFFFFFFFF, 0xFFFFFFFF, 0xFF00A9FF, 0xFFFFFFFF, 0xFFFFFFFF, 0xFF001535, 0xFF001535, 0x4103B8FF, 0x0029B7FF, 0x0094DBFF, 0x00ABE3FF, 0x0086D6FE, 0x005BA8D4, 0x00427CA2, 0x00305E80, 0x00254C6C, 0x00274F6F, 
N        0x00376684, 0x00508CA8, 0x0072C3DC, 0x0083E5FD, 0x007BE4FD, 0x0073E2FD, 0x0068DEFD, 0x005DDBFD, 0x0051D6FD, 0x0046D0FD, 0x003CC9FE, 0x0032C3FE, 0x002BBDFF, 0x0028B8FF, 0x0027B6FF, 0x0024B5FF, 0x0022B4FF, 0x0020B4FF, 0x001BA8F2, 0x00127EBC, 
N        0x000B5B8F, 0x00074473, 0x00063D6A, 0x00064678, 0x00085A96, 0x000B78C4, 0x000D91F1, 0x00098CF2, 0x000484F0, 0x000784F0, 0x000A97F1, 0x7F00C3FA, 0xFF001535, 0xFF00A9FF, 0xFFFFFFFF, 0xFFFFFFFF, 0xFFFFFFFF, 0xFFFFFFFF, 0xFFFFFFFF, 0xFFFFFFFF, 
N        0xFFFFFFFF, 0xFFFFFFFF, 0xFFFFFFFF,
N  0xFFFFFFFF, 0xFFFFFFFF, 0xFFFFFFFF, 0xFFFFFFFF, 0xFFFFFFFF, 0xFFFFFFFF, 0xFF00A9FF, 0xFFFFFFFF, 0xFFFFFFFF, 0xFF001535, 0x8500BAFF, 0x0013B0FF, 0x0074D0FF, 0x00A9E2FF, 0x007CC2E8, 0x00377199, 0x00133455, 0x00001636, 0x00001535, 0x00001535, 0x00001535, 
N        0x00001535, 0x00021838, 0x00173D5E, 0x00498CA8, 0x007EDDF1, 0x007DE8FD, 0x0071E5FC, 0x0064E1FD, 0x0058DBFD, 0x004BD5FD, 0x003ECEFD, 0x0034C7FE, 0x002AC0FE, 0x0025BAFF, 0x0025B6FF, 0x0022B4FF, 0x0020B4FF, 0x00168BCC, 0x00094B7B, 0x00022145, 
N        0x00001535, 0x00001535, 0x00001535, 0x00001535, 0x00001535, 0x0003284E, 0x00085188, 0x000A7DD4, 0x000684EF, 0x00027DED, 0x001185EE, 0x07079CF2, 0xB700C3F9, 0xFF00A9FF, 0xFFFFFFFF, 0xFFFFFFFF, 0xFFFFFFFF, 0xFFFFFFFF, 0xFFFFFFFF, 0xFFFFFFFF, 
N        0xFFFFFFFF, 0xFFFFFFFF, 0xFFFFFFFF,
N  0xFFFFFFFF, 0xFFFFFFFF, 0xFFFFFFFF, 0xFFFFFFFF, 0xFFFFFFFF, 0xFFFFFFFF, 0xFF00A9FF, 0xFFFFFFFF, 0xFFFFFFFF, 0xDC00BCFF, 0x0807AEFF, 0x0042BFFF, 0x00A1DFFF, 0x006198BB, 0x000F2F52, 0x00001535, 0x00001535, 0x00132946, 0x003B536B, 0x005A7588, 0x006D8999, 
N        0x00658092, 0x004B657A, 0x00273E59, 0x00061B3A, 0x00163E5F, 0x005DB5CE, 0x0079EBFC, 0x006BE7FC, 0x005DE2FC, 0x004EDCFD, 0x0040D4FC, 0x0035CCFD, 0x002BC3FE, 0x0023BCFE, 0x0022B7FF, 0x001FA9F1, 0x000C5688, 0x0001193A, 0x00132946, 0x003B536B, 
N        0x005A7588, 0x006D8999, 0x00658092, 0x004B657A, 0x00273E59, 0x00061B3A, 0x00001535, 0x00032347, 0x000A5E9D, 0x000680EC, 0x00067AEC, 0x001288ED, 0x2B01A9F4, 0xED00C2F9, 0xFFFFFFFF, 0xFFFFFFFF, 0xFFFFFFFF, 0xFFFFFFFF, 0xFFFFFFFF, 0xFFFFFFFF, 
N        0xFFFFFFFF, 0xFFFFFFFF, 0xFFFFFFFF,
N  0xFFFFFFFF, 0xFFFFFFFF, 0xFFFFFFFF, 0xFFFFFFFF, 0xFFFFFFFF, 0xFFFFFFFF, 0xFF00A9FF, 0xFFFFFFFF, 0xFFFFFFFF, 0x3C01B6FF, 0x0018B0FF, 0x007CD3FF, 0x005888A9, 0x0002193A, 0x00001535, 0x00021837, 0x00344D65, 0x007C99A7, 0x00ADCDD4, 0x00B9DADF, 0x00BDDEE2, 
N        0x00BCDDE2, 0x00B4D5DB, 0x009AB8C2, 0x005A7588, 0x00142B48, 0x00082546, 0x004EA6C4, 0x0070ECFC, 0x0060E7FC, 0x0052E1FC, 0x0042D8FD, 0x0036D0FD, 0x002BC7FD, 0x0022BFFE, 0x001CAAEB, 0x00083E69, 0x00021837, 0x00344D65, 0x007C99A7, 0x00ADCDD4, 
N        0x00B9DADF, 0x00BDDEE2, 0x00BCDDE2, 0x00B4D5DB, 0x009AB8C2, 0x005A7588, 0x00142B48, 0x00001535, 0x00001535, 0x000B5185, 0x00067EE9, 0x00127FEB, 0x000E8EED, 0x7C00C1F9, 0xFFFFFFFF, 0xFFFFFFFF, 0xFFFFFFFF, 0xFFFFFFFF, 0xFFFFFFFF, 0xFFFFFFFF, 
N        0xFFFFFFFF, 0xFFFFFFFF, 0xFFFFFFFF,
N  0xFFFFFFFF, 0xFFFFFFFF, 0xFFFFFFFF, 0xFFFFFFFF, 0xFFFFFFFF, 0xFFFFFFFF, 0xFF00A9FF, 0xFFFFFFFF, 0xBC00BCFF, 0x0107ACFF, 0x0042BFFF, 0x005F98BC, 0x0003193A, 0x00001535, 0x000B203F, 0x00617D8F, 0x00ADCDD3, 0x00C1E3E6, 0x00CDEFF2, 0x00D3F6F7, 0x00D6F9F9, 
N        0x00D5F8F9, 0x00D1F3F5, 0x00C8EAED, 0x00B8D8DE, 0x0091AFBA, 0x002F4760, 0x00072446, 0x0052B6D3, 0x0063EBFC, 0x0053E4FC, 0x0043DDFC, 0x0036D4FC, 0x002ACBFD, 0x001FB9F5, 0x0008456F, 0x000B203F, 0x00617D8F, 0x00ADCDD3, 0x00C1E3E6, 0x00CDEFF2, 
N        0x00D3F6F7, 0x00D6F9F9, 0x00D5F8F9, 0x00D1F3F5, 0x00C8EAED, 0x00B8D8DE, 0x0091AFBA, 0x002F4760, 0x00001535, 0x00001535, 0x000D5A90, 0x00097BE8, 0x001E85EA, 0x12029CF0, 0xDB00C0F8, 0xFFFFFFFF, 0xFFFFFFFF, 0xFFFFFFFF, 0xFFFFFFFF, 0xFFFFFFFF, 
N        0xFFFFFFFF, 0xFFFFFFFF, 0xFFFFFFFF,
N  0xFFFFFFFF, 0xFFFFFFFF, 0xFFFFFFFF, 0xFFFFFFFF, 0xFFFFFFFF, 0xFFFFFFFF, 0xFF00A9FF, 0xFFFFFFFF, 0x3400B4FE, 0x0012AFFF, 0x005BB8EA, 0x000F2D4E, 0x00001535, 0x00081D3C, 0x006D8899, 0x00B3D4DA, 0x00CAECEE, 0x00D5F8F9, 0x00DAFDFD, 0x00DBFEFE, 0x00DCFFFF, 
N        0x00DCFFFF, 0x00DBFEFE, 0x00D9FBFC, 0x00D1F3F5, 0x00C0E2E6, 0x00A1C0C8, 0x002E475F, 0x00164367, 0x005DDBF4, 0x0053E8FB, 0x0044E0FC, 0x0036D7FC, 0x0029CDFC, 0x001172A0, 0x00081D3C, 0x006C8899, 0x00B3D4DA, 0x00CAECEE, 0x00D5F8F9, 0x00DAFDFD, 
N        0x00DBFEFE, 0x00DCFFFF, 0x00DCFFFF, 0x00DBFEFE, 0x00D9FBFC, 0x00D1F3F5, 0x00C0E2E6, 0x00A1C0C8, 0x002F4760, 0x00001535, 0x00011A3B, 0x001179BE, 0x00167CE8, 0x001088EB, 0x7300BDF8, 0xFFFFFFFF, 0xFFFFFFFF, 0xFFFFFFFF, 0xFFFFFFFF, 0xFFFFFFFF, 
N        0xFFFFFFFF, 0xFFFFFFFF, 0xFFFFFFFF,
N  0xFFFFFFFF, 0xFFFFFFFF, 0xFFFFFFFF, 0xFFFFFFFF, 0xFFFFFFFF, 0xFFFFFFFF, 0xFF00A9FF, 0xCF00BCFE, 0x0203ABFF, 0x002BB5FB, 0x00367099, 0x00001535, 0x00001535, 0x004E687D, 0x00B1D1D7, 0x00CCEEF0, 0x00D9FBFC, 0x00DBFEFE, 0x00DCFFFF, 0x00DCFFFF, 0x00DCFFFF, 
N        0x00DCFFFF, 0x00DCFFFF, 0x00DCFFFF, 0x00DAFDFD, 0x00D3F6F7, 0x00C1E3E6, 0x0089ADB8, 0x00132A47, 0x003B90B5, 0x0053E7FB, 0x0041E1FB, 0x0033D8FC, 0x0022BBE6, 0x00032649, 0x0047657A, 0x00AFD0D6, 0x00CCEEF0, 0x00D9FBFC, 0x00DBFEFE, 0x00DCFFFF, 
N        0x00DCFFFF, 0x00DCFFFF, 0x00DCFFFF, 0x00DCFFFF, 0x00DCFFFF, 0x00DAFDFD, 0x00D3F6F7, 0x00C1E3E6, 0x0093B1BC, 0x00142B48, 0x00001535, 0x00093F6A, 0x001187E6, 0x001D81EA, 0x18009CF0, 0xE600BFF8, 0xFFFFFFFF, 0xFFFFFFFF, 0xFFFFFFFF, 0xFFFFFFFF, 
N        0xFFFFFFFF, 0xFFFFFFFF, 0xFFFFFFFF,
N  0xFFFFFFFF, 0xFFFFFFFF, 0xFFFFFFFF, 0xFFFFFFFF, 0xFFFFFFFF, 0xFFFFFFFF, 0xFF00A9FF, 0x5C00B8FE, 0x000AACFF, 0x00379CD5, 0x000F3053, 0x00001535, 0x00172E4A, 0x009DBDC5, 0x00C6E7EA, 0x00D7F9FA, 0x00DBFEFE, 0x00DCFFFF, 0x00DCFFFF, 0x00DCFFFF, 0x00C8E8E8, 
N        0x00728383, 0x004C5555, 0x00728383, 0x00C8E8E8, 0x00DAFDFD, 0x00D1F3F5, 0x00A4D0D7, 0x004E7082, 0x001D4C6E, 0x004AC6E3, 0x0040E3FB, 0x0032D9FC, 0x00157FA7, 0x00162D49, 0x0081B1BA, 0x00C3E6E9, 0x00D7F9FA, 0x00DBFEFE, 0x009EB6B6, 0x00556060, 
N        0x00556060, 0x009EB6B6, 0x00DCFFFF, 0x00DCFFFF, 0x00DCFFFF, 0x00DCFFFF, 0x00DAFDFD, 0x00D1F3F5, 0x00B8D8DE, 0x005B7688, 0x00051A3A, 0x00011B3C, 0x00137DBE, 0x001B7DE7, 0x000B88EB, 0x9900BEF8, 0xFFFFFFFF, 0xFFFFFFFF, 0xFFFFFFFF, 0xFFFFFFFF, 
N        0xFFFFFFFF, 0xFFFFFFFF, 0xFFFFFFFF,
N  0xFFFFFFFF, 0xFFFFFFFF, 0xFFFFFFFF, 0xFFFFFFFF, 0xFFFFFFFF, 0xFFFFFFFF, 0xFF00A9FF, 0x1500AFFE, 0x0018B1FF, 0x002B72A1, 0x00001535, 0x00001535, 0x004A6479, 0x00B4D5DB, 0x00D1F3F5, 0x00DBFEFE, 0x00DCFFFF, 0x00DCFFFF, 0x00DCFFFF, 0x00D7F9F9, 0x00627070, 
N        0x00141414, 0x00141414, 0x00141414, 0x00627070, 0x00D7F9F9, 0x00D9FBFC, 0x00AEE0E4, 0x007EAEB8, 0x0027435E, 0x003386AA, 0x0042DFFC, 0x002DD8FB, 0x000A4B71, 0x00426075, 0x0090C7CE, 0x00C9F0F2, 0x00DBFEFE, 0x00AAC4C4, 0x00282C2C, 0x00141414, 
N        0x00141414, 0x00282C2C, 0x00AAC4C4, 0x00DCFFFF, 0x00DCFFFF, 0x00DCFFFF, 0x00DCFFFF, 0x00D9FBFC, 0x00C8EAED, 0x009CBAC3, 0x00263E58, 0x00001535, 0x000C5181, 0x001585E7, 0x001B82E9, 0x4900ABF3, 0xFFFFFFFF, 0xFFFFFFFF, 0xFFFFFFFF, 0xFFFFFFFF, 
N        0xFFFFFFFF, 0xFFFFFFFF, 0xFFFFFFFF,
N  0xFFFFFFFF, 0xFFFFFFFF, 0xFFFFFFFF, 0xFFFFFFFF, 0xFFFFFFFF, 0xFFFFFFFF, 0xC700BBFE, 0x0102ABFF, 0x0027B6FF, 0x001F5780, 0x00001535, 0x00001535, 0x0074909F, 0x00BFE0E4, 0x00D6F9F9, 0x00DCFFFF, 0x00DCFFFF, 0x00DCFFFF, 0x00DCFFFF, 0x008DA2A2, 0x00141414, 
N        0x00141414, 0x00141414, 0x00141414, 0x00141414, 0x008DA2A2, 0x00DAFEFE, 0x00AEE6E9, 0x0090C7CE, 0x00446277, 0x00225D81, 0x0048D9FC, 0x0028D7FB, 0x00053054, 0x00628898, 0x0099D1D7, 0x00C5F2F3, 0x00B4D0D0, 0x003A4040, 0x00141414, 0x00141414, 
N        0x00141414, 0x00141414, 0x003A4040, 0x00B4D0D0, 0x00DCFFFF, 0x00DCFFFF, 0x00DCFFFF, 0x00DBFEFE, 0x00D1F3F5, 0x00B4D5DB, 0x004C667B, 0x00001535, 0x00063058, 0x001591E7, 0x00227DE7, 0x110394ED, 0xE100BDF7, 0xFFFFFFFF, 0xFFFFFFFF, 0xFFFFFFFF, 
N        0xFFFFFFFF, 0xFFFFFFFF, 0xFFFFFFFF,
N  0xFFFFFFFF, 0xFFFFFFFF, 0xFFFFFFFF, 0xFFFFFFFF, 0xFFFFFFFF, 0xFFFFFFFF, 0x7800B8FE, 0x0004AAFF, 0x002EB8FF, 0x0015456C, 0x00001535, 0x00001535, 0x008CAAB5, 0x00C4E5E9, 0x00D9FBFC, 0x00DCFFFF, 0x00DCFFFF, 0x00DCFFFF, 0x00DCFFFF, 0x00454D4D, 0x00141414, 
N        0x00141414, 0x00627071, 0x00C2E2E4, 0x009EB7B9, 0x006F7F7F, 0x00D3FCFC, 0x00ABE7EA, 0x0096CED5, 0x00577A8C, 0x0019486B, 0x004CD5FD, 0x0025D4FC, 0x00022144, 0x0073A0AB, 0x009DD6DB, 0x00BDF0F2, 0x00738484, 0x00616F70, 0x00C1E1E3, 0x009CB5B6, 
N        0x004A5455, 0x00141414, 0x00141414, 0x00738484, 0x00DCFFFF, 0x00DCFFFF, 0x00DCFFFF, 0x00DCFFFF, 0x00D5F8F9, 0x00BCDDE2, 0x00658092, 0x00001535, 0x00032145, 0x00199BE8, 0x001F76E5, 0x000D88EA, 0xAF00BCF7, 0xFFFFFFFF, 0xFFFFFFFF, 0xFFFFFFFF, 
N        0xFFFFFFFF, 0xFFFFFFFF, 0xFFFFFFFF,
N  0xFFFFFFFF, 0xFFFFFFFF, 0xFFFFFFFF, 0xFFFFFFFF, 0xFFFFFFFF, 0xFFFFFFFF, 0x3C00B6FE, 0x0006ABFF, 0x002CB8FF, 0x0014466F, 0x00001535, 0x00001535, 0x0093B1BB, 0x00C5E6EA, 0x00D9FCFD, 0x00DCFFFF, 0x00DCFFFF, 0x00DCFFFF, 0x00DCFFFF, 0x00272A2A, 0x00141414, 
N        0x00141414, 0x00B1CECF, 0x00CCEEF0, 0x00CCEEF0, 0x009DB6B7, 0x00C4F6F7, 0x00ABE8EA, 0x0097CFD5, 0x005D8292, 0x001A4A6E, 0x004DD3FD, 0x001DCFFC, 0x00022245, 0x0078A6B1, 0x009ED7DC, 0x00B1ECEF, 0x004D5858, 0x00B1CECF, 0x00CCEEF0, 0x00CCEEF0, 
N        0x0097AFB0, 0x00141414, 0x00141414, 0x004E5858, 0x00DCFFFF, 0x00DCFFFF, 0x00DCFFFF, 0x00DCFFFF, 0x00D6F9F9, 0x00BDDEE2, 0x006D8999, 0x00001535, 0x00032246, 0x001B9FE8, 0x00126DE2, 0x001A85E9, 0x7C00BBF7, 0xFFFFFFFF, 0xFFFFFFFF, 0xFFFFFFFF, 
N        0xFFFFFFFF, 0xFFFFFFFF, 0xFFFFFFFF,
N  0xFFFFFFFF, 0xFFFFFFFF, 0xFFFFFFFF, 0xFFFFFFFF, 0xFFFFFFFF, 0xFFFFFFFF, 0x1A00AFFE, 0x0008ACFF, 0x002EB9FF, 0x001C5884, 0x00001535, 0x00001535, 0x00819EAB, 0x00C1E3E6, 0x00D9FBFC, 0x00DCFFFF, 0x00DCFFFF, 0x00DCFFFF, 0x00DCFFFF, 0x00272A2A, 0x00141414, 
N        0x00141414, 0x00B3D1D3, 0x00CCEEF0, 0x00CCEEF0, 0x009EB8BA, 0x00B2EEF0, 0x00A9E6E8, 0x0094CBD2, 0x004E7083, 0x00256186, 0x0049D2FD, 0x0017CBFC, 0x00043056, 0x006B95A3, 0x009AD4D8, 0x00AEEAED, 0x00475656, 0x00B4D2D4, 0x00CCEEF0, 0x00CCEEF0, 
N        0x0099B2B4, 0x00141414, 0x00141414, 0x004E5858, 0x00DCFFFF, 0x00DCFFFF, 0x00DCFFFF, 0x00DBFEFE, 0x00D3F6F7, 0x00B9DADF, 0x005A7588, 0x00001535, 0x0006335B, 0x001A9DE8, 0x000865E1, 0x002080E7, 0x5103ADF3, 0xFFFFFFFF, 0xFFFFFFFF, 0xFFFFFFFF, 
N        0xFFFFFFFF, 0xFFFFFFFF, 0xFFFFFFFF,
N  0xFFFFFFFF, 0xFFFFFFFF, 0xFFFFFFFF, 0xFFFFFFFF, 0xFFFFFFFF, 0xFFFFFFFF, 0x0C00ACFE, 0x0009ACFF, 0x0030B9FF, 0x002877A9, 0x00011737, 0x00001535, 0x00627D8F, 0x00BADBE0, 0x00D4F7F8, 0x00DBFEFE, 0x00DCFFFF, 0x00DCFFFF, 0x00DCFFFF, 0x00454D4D, 0x00141414, 
N        0x00141414, 0x006B7B7C, 0x00C6E7E9, 0x00A6C2C3, 0x00708485, 0x00AEECEE, 0x00A4DFE4, 0x008ABFC8, 0x003A5A71, 0x00388BB3, 0x003DCFFD, 0x0012C4FD, 0x00084772, 0x0054788A, 0x0095CCD3, 0x00AAE7E9, 0x005E7B7C, 0x006C7C7D, 0x00C6E7E9, 0x00A7C2C4, 
N        0x00556162, 0x00141414, 0x00141414, 0x00738484, 0x00DCFFFF, 0x00DCFFFF, 0x00DCFFFF, 0x00DAFDFD, 0x00CDEFF2, 0x00ADCDD4, 0x003B546B, 0x00001535, 0x000D5585, 0x001693E7, 0x000361DF, 0x00207CE6, 0x360DA6F1, 0xFFFFFFFF, 0xFFFFFFFF, 0xFFFFFFFF, 
N        0xFFFFFFFF, 0xFFFFFFFF, 0xFFFFFFFF,
N  0xFFFFFFFF, 0xFFFFFFFF, 0xFFFFFFFF, 0xFFFFFFFF, 0xFFFFFFFF, 0xFFFFFFFF, 0x0500ABFE, 0x0009ACFF, 0x0030B9FF, 0x003AA4DE, 0x0010385C, 0x00001535, 0x002F4760, 0x00ADCDD3, 0x00CCEEF0, 0x00D9FCFD, 0x00DCFFFF, 0x00DCFFFF, 0x00DCFFFF, 0x008DA2A2, 0x00141414, 
N        0x00141414, 0x00141414, 0x00141414, 0x00141414, 0x00729798, 0x00AAE7EA, 0x009AD4D8, 0x006A94A2, 0x00295C7D, 0x004CC0ED, 0x0029C9FD, 0x000FBEFD, 0x000C75AC, 0x002C455E, 0x008ABFC7, 0x00A3DEE2, 0x008FC0C2, 0x00333E3E, 0x00141414, 0x00141414, 
N        0x00141414, 0x00141414, 0x003A4040, 0x00B4D0D0, 0x00DCFFFF, 0x00DCFFFF, 0x00DBFEFE, 0x00D5F8F9, 0x00C1E3E6, 0x007E9CAA, 0x00132946, 0x00021D3F, 0x001788C6, 0x000F81E4, 0x00005DDE, 0x001E76E4, 0x22129FEE, 0xFFFFFFFF, 0xFFFFFFFF, 0xFFFFFFFF, 
N        0xFFFFFFFF, 0xFFFFFFFF, 0xFFFFFFFF,
N  0xFFFFFFFF, 0xFFFFFFFF, 0xFFFFFFFF, 0xFFFFFFFF, 0xFFFFFFFF, 0xFFFFFFFF, 0x0200AAFF, 0x0008ACFF, 0x002EB9FF, 0x0043C0FF, 0x002A79A8, 0x00001535, 0x00071C3B, 0x007C99A7, 0x00BCDDE2, 0x00D3F6F7, 0x00DBFEFE, 0x00DCFFFF, 0x00DCFFFF, 0x00D7F9F9, 0x00627070, 
N        0x00141414, 0x00141414, 0x00141414, 0x0051696A, 0x00AAE4E7, 0x00A2DCE0, 0x008ABFC7, 0x00304B64, 0x00419BC4, 0x003DCCFE, 0x0013C0FD, 0x0010B9FE, 0x000FA5EC, 0x000A3053, 0x0068919F, 0x0096CED5, 0x00A9E6E8, 0x0088B7B8, 0x00252B2B, 0x00141414, 
N        0x00141414, 0x00282C2C, 0x00AAC4C4, 0x00DCFFFF, 0x00DCFFFF, 0x00DBFEFE, 0x00D9FBFC, 0x00CAECEE, 0x00ADCDD3, 0x00334C65, 0x00001535, 0x000A4672, 0x001B9FE7, 0x000569E0, 0x00005CDE, 0x001D71E2, 0x13169BEE, 0xFFFFFFFF, 0xFFFFFFFF, 0xFFFFFFFF, 
N        0xFFFFFFFF, 0xFFFFFFFF, 0xFFFFFFFF,
N  0xFFFFFFFF, 0xFFFFFFFF, 0xFFFFFFFF, 0xFFFFFFFF, 0xFFFFFFFF, 0xFFFFFFFF, 0x0100A9FF, 0x0007ABFF, 0x0029B7FF, 0x0041BFFF, 0x003EB7F4, 0x00113B5E, 0x00001535, 0x00233A55, 0x0094B9C2, 0x00BDE1E5, 0x00D1F5F6, 0x00D8FCFD, 0x00DAFEFE, 0x00DAFEFE, 0x00C0E5E5, 
N        0x00687F7F, 0x00415252, 0x005D7A7B, 0x009DD3D6, 0x00A3DEE2, 0x008FC6CD, 0x00557889, 0x0021567B, 0x0057CEFC, 0x0020C1FE, 0x0010B8FE, 0x000FB4FE, 0x000EB1FF, 0x000B6EA9, 0x00213954, 0x007EAFB9, 0x009BD4D9, 0x00A9E6E8, 0x007EA8AA, 0x00465B5B, 
N        0x004C5D5D, 0x0094B2B3, 0x00D7FDFD, 0x00DAFEFE, 0x00DAFEFE, 0x00D5F8F9, 0x00C9EDEF, 0x00ABD1D7, 0x005F7C8D, 0x00031838, 0x00021E40, 0x001789C6, 0x001289E5, 0x00005CDD, 0x00005BDD, 0x001B6EE1, 0x0E179AED, 0xFFFFFFFF, 0xFFFFFFFF, 0xFFFFFFFF, 
N        0xFFFFFFFF, 0xFFFFFFFF, 0xFFFFFFFF,
N  0xFFFFFFFF, 0xFFFFFFFF, 0xFFFFFFFF, 0xFFFFFFFF, 0xFFFFFFFF, 0xFFFFFFFF, 0x0200A9FE, 0x0005ABFF, 0x0024B5FF, 0x003EBEFF, 0x003FBEFF, 0x00359BD1, 0x00072445, 0x00001535, 0x002F4962, 0x0080B0BA, 0x0098CFD6, 0x00AAE1E4, 0x00B1EAEC, 0x00B3ECEF, 0x00AFEBEE, 
N        0x00AEEAED, 0x00ABE8EA, 0x00A7E3E7, 0x009ED8DC, 0x008EC3CA, 0x005D8192, 0x00183C5C, 0x0050B9E5, 0x0039C6FE, 0x0011B7FE, 0x0010B4FE, 0x000FB0FF, 0x000DADFF, 0x000BA9F9, 0x00084A79, 0x002F4962, 0x007EAFB9, 0x0096CED5, 0x00A3DEE2, 0x00AAE7E9, 
N        0x00AEEAED, 0x00AEEBEE, 0x00B0EBEE, 0x00B1EAEC, 0x00AFE6EA, 0x00A3DADE, 0x008FC3CA, 0x005D8192, 0x000B203E, 0x00001535, 0x0011699F, 0x001A9DE8, 0x000466DF, 0x00005ADD, 0x000059DC, 0x001A6EE0, 0x13199BED, 0xFFFFFFFF, 0xFFFFFFFF, 0xFFFFFFFF, 
N        0xFFFFFFFF, 0xFFFFFFFF, 0xFFFFFFFF,
N  0xFFFFFFFF, 0xFFFFFFFF, 0xFFFFFFFF, 0xFFFFFFFF, 0xFFFFFFFF, 0xFFFFFFFF, 0x0500AAFE, 0x0003AAFF, 0x001EB3FF, 0x003ABDFF, 0x003EBEFF, 0x003BBDFF, 0x003593C4, 0x00082647, 0x00001535, 0x00223A54, 0x00658E9C, 0x008ABFC7, 0x0095CCD3, 0x009AD4D8, 0x009ED7DC, 
N        0x009DD6DB, 0x0099D1D7, 0x0090C7CE, 0x007EAFB8, 0x00456479, 0x0016395A, 0x004BB1DB, 0x0048CAFE, 0x0017B6FE, 0x0010B2FF, 0x000FAFFF, 0x000DADFF, 0x000BADFF, 0x000AACFF, 0x000AA3F1, 0x00094673, 0x00223A55, 0x00668E9C, 0x008ABFC7, 0x0095CCD3, 
N        0x009AD4D8, 0x009ED7DC, 0x009DD6DB, 0x0099D1D7, 0x0090C7CE, 0x007DAFB8, 0x00456479, 0x00081E3C, 0x00001636, 0x000F6195, 0x001CA2E9, 0x000A74E1, 0x00005ADC, 0x000059DC, 0x000058DC, 0x001A6EE0, 0x211AA0EE, 0xFFFFFFFF, 0xFFFFFFFF, 0xFFFFFFFF, 
N        0xFFFFFFFF, 0xFFFFFFFF, 0xFFFFFFFF,
N  0xFFFFFFFF, 0xFFFFFFFF, 0xFFFFFFFF, 0xFFFFFFFF, 0xFFFFFFFF, 0xFFFFFFFF, 0x0C00ABFE, 0x0001A9FF, 0x0015B0FF, 0x0035BBFF, 0x003CBDFF, 0x0039BCFF, 0x0037BCFF, 0x003AA2D5, 0x00174568, 0x00001535, 0x00071C3B, 0x002C455E, 0x00537689, 0x006B95A3, 0x0077A5B1, 
N        0x0073A0AB, 0x00618797, 0x00425F75, 0x00172E4A, 0x001F567A, 0x0050B9E5, 0x0048C8FE, 0x001AB5FF, 0x0012B0FF, 0x000FAEFF, 0x000EAEFF, 0x000CADFF, 0x000AACFF, 0x0008ACFF, 0x0007AAFE, 0x0009A4F5, 0x000C5C90, 0x00092547, 0x002C455E, 0x00537689, 
N        0x006B95A3, 0x0077A5B1, 0x0073A0AB, 0x00618797, 0x00425F75, 0x00172E4A, 0x00001535, 0x00042A50, 0x001373AB, 0x001CA0E8, 0x000B76E2, 0x000059DC, 0x000058DC, 0x000058DB, 0x000057DB, 0x001C72E1, 0x3419A6F0, 0xFFFFFFFF, 0xFFFFFFFF, 0xFFFFFFFF, 
N        0xFFFFFFFF, 0xFFFFFFFF, 0xFFFFFFFF,
N  0xFFFFFFFF, 0xFFFFFFFF, 0xFFFFFFFF, 0xFFFFFFFF, 0xFFFFFFFF, 0xFFFFFFFF, 0x1A00AEFE, 0x0000A9FF, 0x000DADFF, 0x002DB8FF, 0x003ABDFF, 0x0038BCFF, 0x0035BBFF, 0x0033BAFF, 0x003FBEF9, 0x00378CB6, 0x0019496D, 0x00062242, 0x00001535, 0x00001535, 0x00001535, 
N        0x00001535, 0x00082647, 0x001E5478, 0x00409AC3, 0x0057CFFE, 0x003BC2FE, 0x0018B2FF, 0x0012AFFF, 0x0010AEFF, 0x000EAEFF, 0x000CADFF, 0x000AACFF, 0x0008ACFF, 0x0007AAFE, 0x0005A9FE, 0x0004A6FD, 0x0006A3FA, 0x000F89CD, 0x000D5484, 0x00042A4F, 
N        0x00001636, 0x00001535, 0x00001535, 0x00001535, 0x0001193B, 0x0006325A, 0x000F6195, 0x001A95D6, 0x001795E7, 0x00086EDF, 0x000059DC, 0x000058DC, 0x000057DB, 0x000056DB, 0x000055DA, 0x001E77E3, 0x4D18AEF2, 0xFFFFFFFF, 0xFFFFFFFF, 0xFFFFFFFF, 
N        0xFFFFFFFF, 0xFFFFFFFF, 0xFFFFFFFF,
N  0xFFFFFFFF, 0xFFFFFFFF, 0xFFFFFFFF, 0xFFFFFFFF, 0xFFFFFFFF, 0xFFFFFFFF, 0x3C00B4FE, 0x0000A9FF, 0x0006ABFF, 0x0022B4FF, 0x0037BCFF, 0x0037BCFF, 0x0034BBFF, 0x0032BAFF, 0x0030B9FF, 0x0032BBFF, 0x0038ADE4, 0x002F7FAA, 0x00225C81, 0x0019496C, 0x001A4B6F, 
N        0x00256186, 0x00398BB3, 0x004BBCEC, 0x003FC4FE, 0x0024B7FF, 0x0014B0FF, 0x0012AFFF, 0x0011AFFF, 0x000EAEFF, 0x000CADFF, 0x000BADFF, 0x0009ABFF, 0x0007AAFE, 0x0005A9FE, 0x0004A6FD, 0x0003A4FC, 0x0002A0FB, 0x00009AF9, 0x000895EE, 0x000E75B8, 
N        0x000C5588, 0x0009416D, 0x00083B64, 0x000A4572, 0x000F5E91, 0x001583C3, 0x001692E6, 0x000B78E2, 0x00025EDD, 0x000058DC, 0x000058DB, 0x000057DB, 0x000056DA, 0x000055DA, 0x000356DA, 0x001F7DE4, 0x7713BBF6, 0xFFFFFFFF, 0xFFFFFFFF, 0xFFFFFFFF, 
N        0xFFFFFFFF, 0xFFFFFFFF, 0xFFFFFFFF,
N  0xFFFFFFFF, 0xFFFFFFFF, 0xFFFFFFFF, 0xFFFFFFFF, 0xFFFFFFFF, 0xFFFFFFFF, 0x7800B6FD, 0x0000A9FF, 0x0002AAFF, 0x0016B0FF, 0x0030B9FF, 0x0035BBFF, 0x0032BAFF, 0x0030B9FF, 0x002EB9FF, 0x002BB8FF, 0x0029B7FF, 0x0032BCFF, 0x003FC3FF, 0x0048C7FE, 0x004BC9FE, 
N        0x0048C8FE, 0x003EC3FE, 0x002DBBFF, 0x001AB2FF, 0x0015B0FF, 0x0012AFFF, 0x0011AFFF, 0x000FAEFF, 0x000DADFF, 0x000BADFF, 0x0009ABFF, 0x0008ABFE, 0x0006A9FE, 0x0005A7FD, 0x0003A4FC, 0x0002A1FB, 0x00019BF9, 0x000096F7, 0x00008FF4, 0x00028AF0, 
N        0x000A8DEC, 0x001192E9, 0x001595E8, 0x001594E8, 0x00128DE6, 0x000D7EE3, 0x000568DF, 0x00005ADD, 0x000059DC, 0x000057DB, 0x000056DB, 0x000055DA, 0x000055DA, 0x000054D9, 0x000859DA, 0x001D85E5, 0xAE06B7F5, 0xFFFFFFFF, 0xFFFFFFFF, 0xFFFFFFFF, 
N        0xFFFFFFFF, 0xFFFFFFFF, 0xFFFFFFFF,
N  0xFFFFFFFF, 0xFFFFFFFF, 0xFFFFFFFF, 0xFFFFFFFF, 0xFFFFFFFF, 0xFFFFFFFF, 0xC700B7FD, 0x0100A9FE, 0x0000A9FF, 0x000BADFF, 0x0026B6FF, 0x0032BAFF, 0x0030B9FF, 0x002EB9FF, 0x002CB8FF, 0x0029B7FF, 0x0027B6FF, 0x0025B5FF, 0x0022B4FF, 0x0020B4FF, 0x001EB3FF, 
N        0x001CB2FF, 0x0019B1FF, 0x0017B1FF, 0x0015B0FF, 0x0013AFFF, 0x0011AFFF, 0x000FAEFF, 0x000DADFF, 0x000BACFF, 0x0009ABFF, 0x0008AAFE, 0x0006A8FE, 0x0005A7FD, 0x0004A4FC, 0x0002A0FB, 0x00019BF9, 0x000096F7, 0x000090F4, 0x000089F1, 0x000081EE, 
N        0x000079EB, 0x000072E7, 0x00006BE4, 0x000065E1, 0x000060E0, 0x00005CDE, 0x00005ADD, 0x000059DB, 0x000057DB, 0x000056DA, 0x000055DA, 0x000054DA, 0x000053D9, 0x000052D9, 0x001364DD, 0x101691EA, 0xE100B5F5, 0xFFFFFFFF, 0xFFFFFFFF, 0xFFFFFFFF, 
N        0xFFFFFFFF, 0xFFFFFFFF, 0xFFFFFFFF,
N  0xFFFFFFFF, 0xFFFFFFFF, 0xFFFFFFFF, 0xFFFFFFFF, 0xFFFFFFFF, 0xFFFFFFFF, 0xFF00A9FF, 0x1500ACFD, 0x0000A9FF, 0x0003AAFF, 0x0018B1FF, 0x002CB8FF, 0x002FB9FF, 0x002CB8FF, 0x002AB7FF, 0x0027B6FF, 0x0025B5FF, 0x0022B4FF, 0x0020B4FF, 0x001EB3FF, 0x001BB2FF, 
N        0x001AB2FF, 0x0017B1FF, 0x0015B0FF, 0x0013AFFF, 0x0011AFFF, 0x000FAEFF, 0x000DADFF, 0x000BACFF, 0x000AABFE, 0x0008AAFE, 0x0006A8FE, 0x0005A6FD, 0x0004A3FC, 0x0002A0FB, 0x00019BF9, 0x000096F7, 0x000090F4, 0x000089F1, 0x000081EE, 0x00007AEA, 
N        0x000073E7, 0x00006CE4, 0x000066E2, 0x000061DF, 0x00005DDE, 0x00005ADD, 0x000058DB, 0x000056DB, 0x000055DA, 0x000055DA, 0x000054D9, 0x000053D9, 0x000052D8, 0x000051D8, 0x001D71E0, 0x470BA3F0, 0xFFFFFFFF, 0xFFFFFFFF, 0xFFFFFFFF, 0xFFFFFFFF, 
N        0xFFFFFFFF, 0xFFFFFFFF, 0xFFFFFFFF,
N  0xFFFFFFFF, 0xFFFFFFFF, 0xFFFFFFFF, 0xFFFFFFFF, 0xFFFFFFFF, 0xFFFFFFFF, 0xFF00A9FF, 0x5D00B5FD, 0x0000A9FF, 0x0000A9FF, 0x000BADFF, 0x0022B4FF, 0x002CB8FF, 0x002AB7FF, 0x0028B6FF, 0x0025B5FF, 0x0023B5FF, 0x0021B4FF, 0x001EB3FF, 0x001CB2FF, 0x001AB2FF, 
N        0x0018B1FF, 0x0015B0FF, 0x0013AFFF, 0x0012AFFF, 0x0010AEFF, 0x000DACFF, 0x000CACFF, 0x000AAAFE, 0x0008A9FE, 0x0007A7FD, 0x0005A5FD, 0x0004A2FC, 0x00039FFA, 0x00029BF8, 0x000095F6, 0x00008FF4, 0x000088F1, 0x000081EE, 0x00007AEB, 0x000073E8, 
N        0x00006CE4, 0x000066E2, 0x000061DF, 0x00005DDE, 0x00005BDC, 0x000059DC, 0x000056DA, 0x000055DA, 0x000054DA, 0x000053D9, 0x000052D9, 0x000052D8, 0x000051D8, 0x000756D8, 0x001E80E5, 0x9900B4F5, 0xFFFFFFFF, 0xFFFFFFFF, 0xFFFFFFFF, 0xFFFFFFFF, 
N        0xFFFFFFFF, 0xFFFFFFFF, 0xFFFFFFFF,
N  0xFFFFFFFF, 0xFFFFFFFF, 0xFFFFFFFF, 0xFFFFFFFF, 0xFFFFFFFF, 0xFFFFFFFF, 0xFF00A9FF, 0xD000B7FD, 0x0300A9FE, 0x0000A9FF, 0x0002A9FF, 0x0013AEFF, 0x0025B5FF, 0x0028B6FF, 0x0026B6FF, 0x0024B5FF, 0x0022B4FF, 0x001FB3FF, 0x001DB3FF, 0x001AB2FF, 0x0018B1FF, 
N        0x0016B0FF, 0x0014B0FF, 0x0012AEFF, 0x0010ADFF, 0x000EADFE, 0x000CABFE, 0x000AA9FE, 0x0009A8FD, 0x0007A6FD, 0x0006A4FC, 0x0004A1FB, 0x00039DFA, 0x000299F8, 0x000194F6, 0x00008EF3, 0x000087F1, 0x000080ED, 0x00007AEB, 0x000073E7, 0x00006CE5, 
N        0x000066E1, 0x000061E0, 0x00005DDE, 0x00005ADC, 0x000058DC, 0x000056DA, 0x000055DA, 0x000054D9, 0x000053D9, 0x000052D8, 0x000051D8, 0x000050D8, 0x00004FD7, 0x001967DD, 0x161493EA, 0xE600B4F5, 0xFFFFFFFF, 0xFFFFFFFF, 0xFFFFFFFF, 0xFFFFFFFF, 
N        0xFFFFFFFF, 0xFFFFFFFF, 0xFFFFFFFF,
N  0xFFFFFFFF, 0xFFFFFFFF, 0xFFFFFFFF, 0xFFFFFFFF, 0xFFFFFFFF, 0xFFFFFFFF, 0xFF00A9FF, 0xFFFFFFFF, 0x3700B2FD, 0x0000A9FF, 0x0000A7FE, 0x0006AAFE, 0x0018B0FF, 0x0025B5FF, 0x0024B4FF, 0x0022B4FF, 0x001FB3FF, 0x001DB2FF, 0x001BB1FF, 0x0019B1FF, 0x0016B0FF, 
N        0x0015AFFE, 0x0012AEFE, 0x0010ADFE, 0x000EABFE, 0x000CAAFE, 0x000BA9FD, 0x0009A7FD, 0x0007A5FC, 0x0006A2FB, 0x00059FFA, 0x00039BF9, 0x000297F7, 0x000091F5, 0x00008CF2, 0x000086F0, 0x00007FED, 0x000078EA, 0x000072E7, 0x00006BE4, 0x000066E2, 
N        0x000061E0, 0x00005EDE, 0x00005ADC, 0x000058DB, 0x000056DA, 0x000054DA, 0x000053D9, 0x000052D9, 0x000052D8, 0x000051D8, 0x000050D7, 0x00004FD7, 0x000653D8, 0x00247CE3, 0x7302B0F3, 0xFFFFFFFF, 0xFFFFFFFF, 0xFFFFFFFF, 0xFFFFFFFF, 0xFFFFFFFF, 
N        0xFFFFFFFF, 0xFFFFFFFF, 0xFFFFFFFF,
N  0xFFFFFFFF, 0xFFFFFFFF, 0xFFFFFFFF, 0xFFFFFFFF, 0xFFFFFFFF, 0xFFFFFFFF, 0xFF00A9FF, 0xFFFFFFFF, 0xC000B7FD, 0x0300A8FD, 0x0000A6FE, 0x0000A6FE, 0x0009A9FE, 0x001AAFFE, 0x0021B2FE, 0x0020B2FE, 0x001EB1FE, 0x001BB0FE, 0x0019B0FE, 0x0017AFFE, 0x0015ADFE, 
N        0x0013ADFE, 0x0010ABFE, 0x000EAAFD, 0x000DA9FD, 0x000BA7FC, 0x0009A5FC, 0x0008A3FB, 0x00069FFA, 0x00059DF9, 0x000499F7, 0x000294F6, 0x00018FF4, 0x000089F1, 0x000083EF, 0x00007DEC, 0x000077E9, 0x000071E6, 0x00006BE3, 0x000066E1, 0x000061E0, 
N        0x00005DDE, 0x00005ADD, 0x000057DB, 0x000056DA, 0x000054D9, 0x000053D9, 0x000052D8, 0x000051D8, 0x00004AC7, 0x00004DD1, 0x00004FD7, 0x00004ED6, 0x001C68DC, 0x11138EE9, 0xDB00B2F4, 0xFFFFFFFF, 0xFFFFFFFF, 0xFFFFFFFF, 0xFFFFFFFF, 0xFFFFFFFF, 
N        0xFFFFFFFF, 0xFFFFFFFF, 0xFFFFFFFF,
N  0xFFFFFFFF, 0xFFFFFFFF, 0xFFFFFFFF, 0xFFFFFFFF, 0xFFFFFFFF, 0xFFFFFFFF, 0xFF00A9FF, 0xFFFFFFFF, 0xFFFFFFFF, 0x4700B4FD, 0x0000A6FD, 0x0000A3FC, 0x0001A3FD, 0x000BA8FD, 0x0018ADFD, 0x001CABF9, 0x001CACFA, 0x0019ADFD, 0x0017ACFD, 0x0015ABFD, 0x0013AAFD, 
N        0x0011A9FC, 0x000FA7FC, 0x000DA6FC, 0x000BA4FB, 0x0009A1FA, 0x00089FFA, 0x00069CF9, 0x000599F7, 0x000496F6, 0x000291F4, 0x00018BF2, 0x000086F0, 0x000080ED, 0x00007AEB, 0x000075E8, 0x00006FE6, 0x000069E3, 0x000064E1, 0x000061DF, 0x00005DDE, 
N        0x00005ADC, 0x000057DB, 0x000055DB, 0x000054D9, 0x000052D9, 0x000052D8, 0x000051D8, 0x000047BD, 0x000243A2, 0x00035AD9, 0x00004DD6, 0x000E59D9, 0x001E7CE2, 0x7C00B2F4, 0xFFFFFFFF, 0xFFFFFFFF, 0xFFFFFFFF, 0xFFFFFFFF, 0xFFFFFFFF, 0xFFFFFFFF, 
N        0xFFFFFFFF, 0xFFFFFFFF, 0xFFFFFFFF,
N  0xFFFFFFFF, 0xFFFFFFFF, 0xFFFFFFFF, 0xFFFFFFFF, 0xFFFFFFFF, 0xFFFFFFFF, 0xFF00A9FF, 0xFFFFFFFF, 0xFFFFFFFF, 0xE100B8FC, 0x0F00A6F9, 0x00009DF6, 0x00009FFB, 0x0002A0FB, 0x000AA4FB, 0x00149FEF, 0x000F70AF, 0x00138ED6, 0x0016A8FB, 0x0014A7FB, 0x0011A5FB, 
N        0x000FA4FA, 0x000DA2FA, 0x000CA1F9, 0x000A9EF9, 0x00089BF8, 0x000698F7, 0x000594F5, 0x000491F4, 0x00028DF2, 0x000288F0, 0x000082EE, 0x00007DEC, 0x000078E9, 0x000073E7, 0x00006DE4, 0x000068E2, 0x000063E1, 0x00005FDE, 0x00005BDD, 0x000058DB, 
N        0x000057DB, 0x000055D9, 0x000054D9, 0x000052D8, 0x000051D8, 0x000050D8, 0x000046BF, 0x00012C6B, 0x000867BD, 0x000258DB, 0x000550D6, 0x002471DE, 0x2B0895EC, 0xED00B2F4, 0xFFFFFFFF, 0xFFFFFFFF, 0xFFFFFFFF, 0xFFFFFFFF, 0xFFFFFFFF, 0xFFFFFFFF, 
N        0xFFFFFFFF, 0xFFFFFFFF, 0xFFFFFFFF,
N  0xFFFFFFFF, 0xFFFFFFFF, 0xFFFFFFFF, 0xFFFFFFFF, 0xFFFFFFFF, 0xFFFFFFFF, 0xFF00A9FF, 0xFFFFFFFF, 0xFFFFFFFF, 0xFFFFFFFF, 0x9400B5FB, 0x02009BF2, 0x000095F2, 0x00009AF9, 0x000199F8, 0x00089DF9, 0x000C77BB, 0x00053B68, 0x000F7EC5, 0x0012A0F8, 0x000F9FF8, 
N        0x000E9EF8, 0x000B9BF7, 0x000A98F6, 0x000896F5, 0x000793F4, 0x000590F3, 0x00048DF2, 0x000288F0, 0x000183EF, 0x00007FED, 0x00007BEB, 0x000076E8, 0x000071E7, 0x00006BE4, 0x000067E2, 0x000063E0, 0x00005FDF, 0x00005CDC, 0x000059DB, 0x000056DB, 
N        0x000054D9, 0x000053D9, 0x000052D8, 0x000051D8, 0x000050D7, 0x000043B5, 0x00012253, 0x00064B85, 0x000976E4, 0x00014DD5, 0x002068DC, 0x070F83E6, 0xB800B2F4, 0xFF00A9FF, 0xFFFFFFFF, 0xFFFFFFFF, 0xFFFFFFFF, 0xFFFFFFFF, 0xFFFFFFFF, 0xFFFFFFFF, 
N        0xFFFFFFFF, 0xFFFFFFFF, 0xFFFFFFFF,
N  0xFFFFFFFF, 0xFFFFFFFF, 0xFFFFFFFF, 0xFFFFFFFF, 0xFFFFFFFF, 0xFFFFFFFF, 0xFF00A9FF, 0xFFFFFFFF, 0xFFFFFFFF, 0xFFFFFFFF, 0xFF003A8E, 0x5B00B5FB, 0x000090EA, 0x000090F1, 0x000093F6, 0x000194F6, 0x000693F2, 0x000967A7, 0x00032A50, 0x00095F9D, 0x000E93F1, 
N        0x000C95F5, 0x000A92F3, 0x000890F3, 0x00078DF1, 0x00058AF1, 0x000487EF, 0x000383EE, 0x000280ED, 0x00007CEB, 0x000079E9, 0x000075E8, 0x000071E5, 0x00006DE4, 0x000068E3, 0x000065E0, 0x000061DF, 0x00005DDE, 0x00005BDC, 0x000059DB, 0x000056DA, 
N        0x000053D8, 0x000051D8, 0x000050D8, 0x00004FD7, 0x00003CA2, 0x00001C44, 0x0004335E, 0x000C83DB, 0x000152D8, 0x001C63DB, 0x00177BE2, 0x8200B2F4, 0xFF00A9FF, 0xFF00A9FF, 0xFFFFFFFF, 0xFFFFFFFF, 0xFFFFFFFF, 0xFFFFFFFF, 0xFFFFFFFF, 0xFFFFFFFF, 
N        0xFFFFFFFF, 0xFFFFFFFF, 0xFFFFFFFF,
N  0xFFFFFFFF, 0xFFFFFFFF, 0xFFFFFFFF, 0xFFFFFFFF, 0xFFFFFFFF, 0xFFFFFFFF, 0xFF00A9FF, 0xFFFFFFFF, 0xFFFFFFFF, 0xFFFFFFFF, 0xFF003A8E, 0xFC00C1F9, 0x4000ADF7, 0x000087E4, 0x000088EE, 0x00008BF3, 0x00008BF2, 0x000389EE, 0x000760A1, 0x0001193B, 0x00053C6B, 
N        0x000975C8, 0x000989F0, 0x000786EE, 0x000685EE, 0x000482ED, 0x00037FEC, 0x00027CEB, 0x00017AEA, 0x000077E9, 0x000075E8, 0x000072E6, 0x00006FE5, 0x00006CE3, 0x000069E3, 0x000065E0, 0x000062DF, 0x00005FDE, 0x00005BDD, 0x000058DB, 0x000056D9, 
N        0x000054D9, 0x000052D8, 0x00004BCB, 0x00003080, 0x00001536, 0x0004345F, 0x000D82D1, 0x00045DDC, 0x00185FDA, 0x001776E0, 0x5F00A7F1, 0xFC00B2F4, 0xFF00A9FF, 0xFF00A9FF, 0xFFFFFFFF, 0xFFFFFFFF, 0xFFFFFFFF, 0xFFFFFFFF, 0xFFFFFFFF, 0xFFFFFFFF, 
N        0xFFFFFFFF, 0xFFFFFFFF, 0xFFFFFFFF,
N  0xFFFFFFFF, 0xFFFFFFFF, 0xFFFFFFFF, 0xFFFFFFFF, 0xFFFFFFFF, 0xFFFFFFFF, 0xFF00A9FF, 0xFFFFFFFF, 0xFFFFFFFF, 0xFFFFFFFF, 0xFF003A8E, 0xFF003A8E, 0xEB00BAFA, 0x3800A8F3, 0x00007EDD, 0x00007FE7, 0x000082EF, 0x000081EE, 0x000181EC, 0x000764AA, 0x00011D40, 
N        0x00011B3D, 0x00064C8A, 0x000570D0, 0x00057DEB, 0x00037BEA, 0x00027AEA, 0x000179E9, 0x000078E9, 0x000077E8, 0x000075E7, 0x000074E7, 0x000072E5, 0x000070E5, 0x00006DE3, 0x00006BE2, 0x000067E1, 0x000064DF, 0x00005FDD, 0x00005BDC, 0x000058DB, 
N        0x000053D7, 0x00003EA2, 0x00012456, 0x00001535, 0x00064371, 0x000D83D7, 0x00045EDD, 0x00145CD8, 0x001371E0, 0x5000A0EF, 0xF000B2F4, 0xFF00A9FF, 0xFF00A9FF, 0xFF00A9FF, 0xFFFFFFFF, 0xFFFFFFFF, 0xFFFFFFFF, 0xFFFFFFFF, 0xFFFFFFFF, 0xFFFFFFFF, 
N        0xFFFFFFFF, 0xFFFFFFFF, 0xFFFFFFFF,
N  0xFFFFFFFF, 0xFFFFFFFF, 0xFFFFFFFF, 0xFFFFFFFF, 0xFFFFFFFF, 0xFFFFFFFF, 0xFF00A9FF, 0xFFFFFFFF, 0xFFFFFFFF, 0xFFFFFFFF, 0xFF003A8E, 0xFF003A8E, 0xFF003A8E, 0xEA00BBF9, 0x4200A9F2, 0x000077D7, 0x000072DD, 0x000078EA, 0x000078EA, 0x000077E9, 0x000566B6, 
N        0x0002294F, 0x00001535, 0x00012044, 0x00044683, 0x000262BD, 0x000174E1, 0x000078E9, 0x000078E8, 0x000079E9, 0x00007AE8, 0x000079E8, 0x000078E7, 0x000077E7, 0x000075E7, 0x000072E4, 0x00006EE3, 0x00006AE1, 0x000066E0, 0x00005CD3, 0x000045A5, 
N        0x00012C67, 0x00001535, 0x00001535, 0x00085285, 0x000C83E0, 0x000457DA, 0x00105AD9, 0x000C70E0, 0x5600A3EF, 0xEE00B1F4, 0xFF001535, 0xFF00A9FF, 0xFF00A9FF, 0xFF00A9FF, 0xFFFFFFFF, 0xFFFFFFFF, 0xFFFFFFFF, 0xFFFFFFFF, 0xFFFFFFFF, 0xFFFFFFFF, 
N        0xFFFFFFFF, 0xFFFFFFFF, 0xFFFFFFFF,
N  0xFFFFFFFF, 0xFFFFFFFF, 0xFFFFFFFF, 0xFFFFFFFF, 0xFFFFFFFF, 0xFFFFFFFF, 0xFF00A9FF, 0xFFFFFFFF, 0xFFFFFFFF, 0xFFFFFFFF, 0xFF003A8E, 0xFF003A8E, 0xFF003A8E, 0xFF003A8E, 0xF400BBF9, 0x5F00B0F4, 0x000078D6, 0x00006AD5, 0x00006FE4, 0x00006FE6, 0x00006FE6, 
N        0x00046ECE, 0x00065087, 0x00011F42, 0x00001535, 0x00001535, 0x0002315F, 0x00024B8C, 0x000162B8, 0x00006FCF, 0x000079DE, 0x00007FEA, 0x000081EA, 0x000080EA, 0x00007DE7, 0x000073DB, 0x000069CC, 0x000057B0, 0x00003E82, 0x00012754, 0x00001535, 
N        0x00001535, 0x00032A51, 0x000C72B0, 0x000A7EE7, 0x000657D9, 0x000E5DD9, 0x000775E2, 0x6E00ACF2, 0xF500B1F4, 0xFF001535, 0xFF001535, 0xFF00A9FF, 0xFF00A9FF, 0xFF00A9FF, 0xFFFFFFFF, 0xFFFFFFFF, 0xFFFFFFFF, 0xFFFFFFFF, 0xFFFFFFFF, 0xFFFFFFFF, 
N        0xFFFFFFFF, 0xFFFFFFFF, 0xFFFFFFFF,
N  0xFFFFFFFF, 0xFFFFFFFF, 0xFFFFFFFF, 0xFFFFFFFF, 0xFFFFFFFF, 0xFFFFFFFF, 0xFF00A9FF, 0xFFFFFFFF, 0xFFFFFFFF, 0xFFFFFFFF, 0xFF003A8E, 0xFF003A8E, 0xFF003A8E, 0xFF003A8E, 0xFF001535, 0xFF001535, 0x9200BBF8, 0x110087DF, 0x000067CD, 0x000066D9, 0x00006BE4, 
N        0x00006CE4, 0x000173E7, 0x000775CE, 0x00075790, 0x00032B52, 0x00001535, 0x00001535, 0x00001535, 0x00011C3F, 0x00022B55, 0x00023868, 0x00023E73, 0x00023D72, 0x00023667, 0x00012954, 0x00001B3E, 0x00001535, 0x00001535, 0x00001535, 0x0004355E, 
N        0x000B6AA5, 0x000C87DE, 0x00056DE3, 0x00075BD9, 0x000B6ADF, 0x170286E6, 0x9800B1F4, 0xFF001535, 0xFF001535, 0xFF001535, 0xFF001535, 0xFF00A9FF, 0xFF00A9FF, 0xFF00A9FF, 0xFFFFFFFF, 0xFFFFFFFF, 0xFFFFFFFF, 0xFFFFFFFF, 0xFFFFFFFF, 0xFFFFFFFF, 
N        0xFFFFFFFF, 0xFFFFFFFF, 0xFFFFFFFF,
N  0xFFFFFFFF, 0xFFFFFFFF, 0xFFFFFFFF, 0xFFFFFFFF, 0xFFFFFFFF, 0xFFFFFFFF, 0xFF00A9FF, 0xFF00A9FF, 0xFF00A9FF, 0xFF00A9FF, 0xFF003A8E, 0xFF003A8E, 0xFF003A8E, 0xFF003A8E, 0xFF001535, 0xFF001535, 0xFF001535, 0xD000BAF8, 0x4800A4ED, 0x000075D4, 0x000067D2, 
N        0x000069DD, 0x000070E5, 0x000075E6, 0x00017DEA, 0x000584E1, 0x000875BD, 0x00085990, 0x00053D69, 0x0002254A, 0x00001839, 0x00001535, 0x00001535, 0x00001535, 0x00001535, 0x00001839, 0x0002264B, 0x0005406C, 0x000A6097, 0x000C82C9, 0x000A8EEA, 
N        0x00047BE8, 0x000267DF, 0x00096EE1, 0x00077DE5, 0x4D01A1F0, 0xD200B1F4, 0xFF001535, 0xFF001535, 0xFF001535, 0xFF001535, 0xFF001535, 0xFF00A9FF, 0xFF00A9FF, 0xFF00A9FF, 0xFFFFFFFF, 0xFFFFFFFF, 0xFFFFFFFF, 0xFFFFFFFF, 0xFFFFFFFF, 0xFFFFFFFF, 
N        0xFFFFFFFF, 0xFFFFFFFF, 0xFFFFFFFF,
N  0xFFFFFFFF, 0xFFFFFFFF, 0xFFFFFFFF, 0xFFFFFFFF, 0xFFFFFFFF, 0xFFFFFFFF, 0xFF00A9FF, 0xFF00A9FF, 0xFF00A9FF, 0xFF00A9FF, 0xFF003A8E, 0xFF003A8E, 0xFF003A8E, 0xFF003A8E, 0xFF001535, 0xFF001535, 0xFF001535, 0xFF001535, 0xFF001535, 0xA700B9F7, 0x32009BEA, 
N        0x00007FDE, 0x000077DC, 0x000079E2, 0x000081E8, 0x000186EC, 0x00018BEE, 0x000291F1, 0x000596F1, 0x000D92E1, 0x001991D6, 0x002692D0, 0x002F93CC, 0x003595CC, 0x00379AD3, 0x00309BD8, 0x0026A0E5, 0x00139FF4, 0x000591F1, 0x000286EC, 0x00007CE8, 
N        0x00027CE7, 0x000487EA, 0x30039DEF, 0xA400B1F5, 0xFF001535, 0xFF001535, 0xFF001535, 0xFF001535, 0xFF001535, 0xFF001535, 0xFF001535, 0xFF00A9FF, 0xFF00A9FF, 0xFF00A9FF, 0xFFFFFFFF, 0xFFFFFFFF, 0xFFFFFFFF, 0xFFFFFFFF, 0xFFFFFFFF, 0xFFFFFFFF, 
N        0xFFFFFFFF, 0xFFFFFFFF, 0xFFFFFFFF,
N  0xFFFFFFFF, 0xFFFFFFFF, 0xFFFFFFFF, 0xFFFFFFFF, 0xFFFFFFFF, 0xFFFFFFFF, 0xFF00A9FF, 0xFF00A9FF, 0xFF00A9FF, 0xFF00A9FF, 0xFF003A8E, 0xFF003A8E, 0xFF003A8E, 0xFF003A8E, 0xFF003A8E, 0xFF003A8E, 0xFF14B0FF, 0xFF14B0FF, 0xFF14B0FF, 0xFF14B0FF, 0xF900B8F7, 
N        0xA500B8F7, 0x3B00A7F1, 0x080093E9, 0x00018CE5, 0x00018CE7, 0x000190EB, 0x000195F0, 0x000196F2, 0x000398F2, 0x000B9CF3, 0x0022A7F6, 0x0038AFF7, 0x0044B5F7, 0x0041B2F6, 0x002EA9F5, 0x00149DF3, 0x000393F0, 0x000190EF, 0x00018BED, 0x000189ED, 
N        0x0B0093EF, 0x8D00B2F7, 0xF800B2F7, 0xFF14B0FF, 0xFF14B0FF, 0xFF14B0FF, 0xFF14B0FF, 0xFF00A9FF, 0xFF00A9FF, 0xFF00A9FF, 0xFF00A9FF, 0xFF00A9FF, 0xFF00A9FF, 0xFF00A9FF, 0xFFFFFFFF, 0xFFFFFFFF, 0xFFFFFFFF, 0xFFFFFFFF, 0xFFFFFFFF, 0xFFFFFFFF, 
N        0xFFFFFFFF, 0xFFFFFFFF, 0xFFFFFFFF,
N  0xFFFFFFFF, 0xFFFFFFFF, 0xFFFFFFFF, 0xFFFFFFFF, 0xFFFFFFFF, 0xFFFFFFFF, 0xFFFFFFFF, 0xFFFFFFFF, 0xFFFFFFFF, 0xFF009FFF, 0xFF003A8E, 0xFF003A8E, 0xFF003A8E, 0xFF003A8E, 0xFF003A8E, 0xFF003A8E, 0xFF003A8E, 0xFF003A8E, 0xFF003A8E, 0xFF003A8E, 0xFF003A8E, 
N        0xFF003A8E, 0xFE009FFF, 0xC700B5F8, 0x7500B4F8, 0x2F01A9F4, 0x1001A0F0, 0x02019FF2, 0x0001A1F4, 0x0001A1F6, 0x00019FF5, 0x00019DF4, 0x00019BF4, 0x000199F3, 0x000199F3, 0x000198F2, 0x000197F2, 0x000196F2, 0x000193F1, 0x000190EF, 0x000194F0, 
N        0x5A00ACF6, 0xFC009FFF, 0xFE009FFF, 0xFE009FFF, 0xFF01B3FD, 0xFF01B3FD, 0xFF01B3FD, 0xFF01B3FD, 0xFF009FFF, 0xFF009FFF, 0xFF009FFF, 0xFF009FFF, 0xFF009FFF, 0xFF009FFF, 0xFF009FFF, 0xFF009FFF, 0xFF009FFF, 0xFFFFFFFF, 0xFFFFFFFF, 0xFFFFFFFF, 
N        0xFFFFFFFF, 0xFFFFFFFF, 0xFFFFFFFF,
N  0xFFFFFFFF, 0xFFFFFFFF, 0xFFFFFFFF, 0xFFFFFFFF, 0xFFFFFFFF, 0xFFFFFFFF, 0xFFFFFFFF, 0xFFFFFFFF, 0xFFFFFFFF, 0xFF009FFF, 0xFF009FFF, 0xFF009FFF, 0xFF009FFF, 0xFF009FFF, 0xFF009FFF, 0xFF009FFF, 0xFF00B9F6, 0xFC009FFF, 0xFA009FFF, 0xF6009FFF, 0xF2009FFF, 
N        0xEE009FFF, 0xE9009FFF, 0xE5009FFF, 0xE0009FFF, 0xDC009FFF, 0xCA00A5FD, 0x9C00AEFA, 0x7000B1FA, 0x4800B1FA, 0x3501AFF9, 0x1A01A9F7, 0x0301A3F6, 0x00019EF5, 0x00019AF3, 0x000198F3, 0x000198F3, 0x000197F2, 0x000196F2, 0x000193F0, 0x020793EE, 
N        0x9702AEF8, 0xE2009FFF, 0xE7009FFF, 0xEB009FFF, 0xF0009FFF, 0xF4009FFF, 0xF8009FFF, 0xFB009FFF, 0xFD009FFF, 0xFF009FFF, 0xFF009FFF, 0xFF009FFF, 0xFF009FFF, 0xFF009FFF, 0xFF009FFF, 0xFF009FFF, 0xFF009FFF, 0xFFFFFFFF, 0xFFFFFFFF, 0xFFFFFFFF, 
N        0xFFFFFFFF, 0xFFFFFFFF, 0xFFFFFFFF,
N  0xFFFFFFFF, 0xFFFFFFFF, 0xFFFFFFFF, 0xFFFFFFFF, 0xFFFFFFFF, 0xFFFFFFFF, 0xFFFFFFFF, 0xFFFFFFFF, 0xFFFFFFFF, 0xFF009FFF, 0xFF009FFF, 0xFF009FFF, 0xFF009FFF, 0xFE009FFF, 0xFB009FFF, 0xF6009FFF, 0xF1009FFF, 0xE9009FFF, 0xE3009FFF, 0xDC009FFF, 0xD5009FFF, 
N        0xCE009FFF, 0xC7009FFF, 0xC1009FFF, 0xBA009FFF, 0xB4009FFF, 0xAF009FFF, 0xAA009FFF, 0xA5009FFF, 0xA2009FFF, 0x9F009FFF, 0x9D009FFF, 0x6900AAFC, 0x1C01AAF8, 0x0001A1F5, 0x00019AF3, 0x000198F3, 0x000198F2, 0x000198F2, 0x00018FEF, 0x06168FEA, 
N        0x8F05A9FA, 0xBD009FFF, 0xC4009FFF, 0xCA009FFF, 0xCF009FFF, 0x9600ACF6, 0x4400ADF5, 0x9100ACF5, 0xED009FFF, 0xF3009FFF, 0xF8009FFF, 0xFC009FFF, 0xFE009FFF, 0xFF009FFF, 0xFF009FFF, 0xFF009FFF, 0xFF009FFF, 0xFFFFFFFF, 0xFFFFFFFF, 0xFFFFFFFF, 
N        0xFFFFFFFF, 0xFFFFFFFF, 0xFFFFFFFF,
N  0xFFFFFFFF, 0xFFFFFFFF, 0xFFFFFFFF, 0xFFFFFFFF, 0xFFFFFFFF, 0xFFFFFFFF, 0xFFFFFFFF, 0xFFFFFFFF, 0xFFFFFFFF, 0xFF009FFF, 0xFF009FFF, 0xFD009FFF, 0xF8009FFF, 0xF2009FFF, 0xEB009FFF, 0xE2009FFF, 0xDA009FFF, 0xD1009FFF, 0xC8009FFF, 0xBF009FFF, 0xB6009FFF, 
N        0xAD009FFF, 0xA4009FFF, 0x9B009FFF, 0x92009FFF, 0x8A009FFF, 0x83009FFF, 0x7C009FFF, 0x77009FFF, 0x72009FFF, 0x6E009FFF, 0x6B009FFF, 0x6A009FFF, 0x69009FFF, 0x2800ACFA, 0x000196F1, 0x00018FEF, 0x000192F0, 0x000192F0, 0x000186EB, 0x01268AE7, 
N        0x530AAAF7, 0x97009FFF, 0x9D009FFF, 0x7900A8F9, 0x33059FF0, 0x03087BE3, 0x00007DE4, 0x7000ABF5, 0xD5009FFF, 0xDE009FFF, 0xE6009FFF, 0xEE009FFF, 0xF4009FFF, 0xFB009FFF, 0xFE009FFF, 0xFF009FFF, 0xFF009FFF, 0xFFFFFFFF, 0xFFFFFFFF, 0xFFFFFFFF, 
N        0xFFFFFFFF, 0xFFFFFFFF, 0xFFFFFFFF,
N  0xFFFFFFFF, 0xFFFFFFFF, 0xFFFFFFFF, 0xFFFFFFFF, 0xFFFFFFFF, 0xFFFFFFFF, 0xFFFFFFFF, 0xFFFFFFFF, 0xFFFFFFFF, 0xFF009FFF, 0xFB009FFF, 0xF4009FFF, 0xEC009FFF, 0xE4009FFF, 0xDB009FFF, 0xD1009FFF, 0xC7009FFF, 0xBD009FFF, 0xB2009FFF, 0xA6009FFF, 0x9B009FFF, 
N        0x8F009FFF, 0x83009FFF, 0x7A009FFF, 0x6F009FFF, 0x64009FFF, 0x5C009FFF, 0x53009FFF, 0x4B009FFF, 0x45009FFF, 0x40009FFF, 0x3C009FFF, 0x3A009FFF, 0x3A009FFF, 0x3A009FFF, 0x1100A4F6, 0x000085EA, 0x000181E9, 0x00017FE9, 0x000079E6, 0x00187BE3, 
N        0x082891E9, 0x2E099EF2, 0x210A9CF1, 0x031D8BE7, 0x002175E0, 0x000859D8, 0x080079E2, 0x9500A6FA, 0xC1009FFF, 0xCC009FFF, 0xD5009FFF, 0xDF009FFF, 0xE8009FFF, 0xEF009FFF, 0xF7009FFF, 0xFD009FFF, 0xFF009FFF, 0xFFFFFFFF, 0xFFFFFFFF, 0xFFFFFFFF, 
N        0xFFFFFFFF, 0xFFFFFFFF, 0xFFFFFFFF,
N  0xFFFFFFFF, 0xFFFFFFFF, 0xFFFFFFFF, 0xFFFFFFFF, 0xFFFFFFFF, 0xFFFFFFFF, 0xFFFFFFFF, 0xFFFFFFFF, 0xFFFFFFFF, 0xFC009FFF, 0xF4009FFF, 0xED009FFF, 0xE5009FFF, 0xDC009FFF, 0xD1009FFF, 0xC6009FFF, 0xBA009FFF, 0xB0009FFF, 0xA4009FFF, 0x96009FFF, 0x89009FFF, 
N        0x7C009FFF, 0x6F009FFF, 0x64009FFF, 0x57009FFF, 0x4B009FFF, 0x41009FFF, 0x36009FFF, 0x2C009FFF, 0x24009FFF, 0x1C009FFF, 0x15009FFF, 0x11009FFF, 0x11009FFF, 0x13009FFF, 0x1200A4FD, 0x01008FED, 0x000072E1, 0x00006FE1, 0x00006DE1, 0x000067DF, 
N        0x001B76E1, 0x002A85E5, 0x002B83E5, 0x001E6DDD, 0x000451D6, 0x000058D5, 0x310099EF, 0xA8009FFF, 0xB4009FFF, 0xBF009FFF, 0xCB009FFF, 0xD5009FFF, 0xE0009FFF, 0xE8009FFF, 0xF0009FFF, 0xF8009FFF, 0xFD009FFF, 0xFFFFFFFF, 0xFFFFFFFF, 0xFFFFFFFF, 
N        0xFFFFFFFF, 0xFFFFFFFF, 0xFFFFFFFF,
N  0xFFFFFFFF, 0xFFFFFFFF, 0xFFFFFFFF, 0xFFFFFFFF, 0xFFFFFFFF, 0xFFFFFFFF, 0xFFFFFFFF, 0xFFFFFFFF, 0xFFFFFFFF, 0xFB009FFF, 0xF3009FFF, 0xEC009FFF, 0xE4009FFF, 0xDA009FFF, 0xCF009FFF, 0xC4009FFF, 0xB8009FFF, 0xAD009FFF, 0xA0009FFF, 0x93009FFF, 0x86009FFF, 
N        0x78009FFF, 0x6C009FFF, 0x60009FFF, 0x53009FFF, 0x47009FFF, 0x3C009FFF, 0x30009FFF, 0x26009FFF, 0x1D009FFF, 0x13009FFF, 0x0C009FFF, 0x07009FFF, 0x06009FFF, 0x09009FFF, 0x0F009FFF, 0x0D00A8FB, 0x01008BEA, 0x00006BDE, 0x000064DC, 0x000063DC, 
N        0x000060DC, 0x00005FDC, 0x00005BDA, 0x000050D5, 0x00004FD1, 0x0C007EE2, 0x7F00A4FB, 0xA6009FFF, 0xB2009FFF, 0xBD009FFF, 0xC9009FFF, 0xD4009FFF, 0xDE009FFF, 0xE7009FFF, 0xEF009FFF, 0xF7009FFF, 0xFC009FFF, 0xFFFFFFFF, 0xFFFFFFFF, 0xFFFFFFFF, 
N        0xFFFFFFFF, 0xFFFFFFFF, 0xFFFFFFFF,
N  0xFFFFFFFF, 0xFFFFFFFF, 0xFFFFFFFF, 0xFFFFFFFF, 0xFFFFFFFF, 0xFFFFFFFF, 0xFFFFFFFF, 0xFFFFFFFF, 0xFFFFFFFF, 0xFD009FFF, 0xF8009FFF, 0xF0009FFF, 0xE9009FFF, 0xE1009FFF, 0xD6009FFF, 0xCC009FFF, 0xC0009FFF, 0xB6009FFF, 0xAA009FFF, 0x9D009FFF, 0x92009FFF, 
N        0x85009FFF, 0x79009FFF, 0x6E009FFF, 0x63009FFF, 0x57009FFF, 0x4E009FFF, 0x44009FFF, 0x3C009FFF, 0x34009FFF, 0x2E009FFF, 0x2A009FFF, 0x28009FFF, 0x28009FFF, 0x29009FFF, 0x2C009FFF, 0x31009FFF, 0x2600A5FB, 0x0C009EF1, 0x00007AE2, 0x000068DB, 
N        0x000060D8, 0x00005DD7, 0x00005AD5, 0x00005FD6, 0x140086E5, 0x7100A5FA, 0xA3009FFF, 0xB0009FFF, 0xBA009FFF, 0xC5009FFF, 0xD0009FFF, 0xDB009FFF, 0xE5009FFF, 0xEC009FFF, 0xF3009FFF, 0xFC009FFF, 0xFF009FFF, 0xFFFFFFFF, 0xFFFFFFFF, 0xFFFFFFFF, 
N        0xFFFFFFFF, 0xFFFFFFFF, 0xFFFFFFFF,
N  0xFFFFFFFF, 0xFFFFFFFF, 0xFFFFFFFF, 0xFFFFFFFF, 0xFFFFFFFF, 0xFFFFFFFF, 0xFFFFFFFF, 0xFFFFFFFF, 0xFFFFFFFF, 0xFF009FFF, 0xFE009FFF, 0xFA009FFF, 0xF2009FFF, 0xEB009FFF, 0xE3009FFF, 0xDB009FFF, 0xD1009FFF, 0xC8009FFF, 0xBE009FFF, 0xB4009FFF, 0xAA009FFF, 
N        0xA0009FFF, 0x96009FFF, 0x8C009FFF, 0x82009FFF, 0x79009FFF, 0x72009FFF, 0x6A009FFF, 0x63009FFF, 0x5E009FFF, 0x5A009FFF, 0x57009FFF, 0x55009FFF, 0x55009FFF, 0x55009FFF, 0x58009FFF, 0x5B009FFF, 0x60009FFF, 0x65009FFF, 0x4A00A6FA, 0x2A009FF2, 
N        0x17008AE8, 0x100080E3, 0x1B0087E6, 0x4500A2F3, 0x9100A3FC, 0xAF009FFF, 0xB9009FFF, 0xC2009FFF, 0xCC009FFF, 0xD6009FFF, 0xDE009FFF, 0xE7009FFF, 0xF0009FFF, 0xF6009FFF, 0xFD009FFF, 0xFF009FFF, 0xFF009FFF, 0xFFFFFFFF, 0xFFFFFFFF, 0xFFFFFFFF, 
N        0xFFFFFFFF, 0xFFFFFFFF, 0xFFFFFFFF,
N  0xFFFFFFFF, 0xFFFFFFFF, 0xFFFFFFFF, 0xFFFFFFFF, 0xFFFFFFFF, 0xFFFFFFFF, 0xFFFFFFFF, 0xFFFFFFFF, 0xFFFFFFFF, 0xFF009FFF, 0xFF009FFF, 0xFF009FFF, 0xFE009FFF, 0xF9009FFF, 0xF4009FFF, 0xEE009FFF, 0xE6009FFF, 0xDE009FFF, 0xD7009FFF, 0xD0009FFF, 0xC8009FFF, 
N        0xC0009FFF, 0xB9009FFF, 0xB1009FFF, 0xAA009FFF, 0xA3009FFF, 0x9C009FFF, 0x97009FFF, 0x91009FFF, 0x8D009FFF, 0x8B009FFF, 0x88009FFF, 0x87009FFF, 0x87009FFF, 0x87009FFF, 0x89009FFF, 0x8C009FFF, 0x8F009FFF, 0x94009FFF, 0x9A009FFF, 0x9B009FFF, 
N        0x8500A6FB, 0x7700A8FA, 0x8D00A6FA, 0xB700A1FE, 0xC3009FFF, 0xCB009FFF, 0xD3009FFF, 0xDB009FFF, 0xE2009FFF, 0xEB009FFF, 0xF3009FFF, 0xF8009FFF, 0xFD009FFF, 0xFF009FFF, 0xFF009FFF, 0xFF009FFF, 0xFF009FFF, 0xFFFFFFFF, 0xFFFFFFFF, 0xFFFFFFFF, 
N        0xFFFFFFFF, 0xFFFFFFFF, 0xFFFFFFFF,
N  0xFFFFFFFF, 0xFFFFFFFF, 0xFFFFFFFF, 0xFFFFFFFF, 0xFFFFFFFF, 0xFFFFFFFF, 0xFFFFFFFF, 0xFFFFFFFF, 0xFFFFFFFF, 0xFF009FFF, 0xFF009FFF, 0xFF009FFF, 0xFF009FFF, 0xFF009FFF, 0xFE009FFF, 0xFD009FFF, 0xFB009FFF, 0xF6009FFF, 0xF2009FFF, 0xEC009FFF, 0xE7009FFF, 
N        0xE1009FFF, 0xDB009FFF, 0xD6009FFF, 0xD0009FFF, 0xCB009FFF, 0xC7009FFF, 0xC3009FFF, 0xBF009FFF, 0xBC009FFF, 0xBA009FFF, 0xB9009FFF, 0xB8009FFF, 0xB8009FFF, 0xB8009FFF, 0xB9009FFF, 0xBA009FFF, 0xBD009FFF, 0xC1009FFF, 0xC5009FFF, 0xC9009FFF, 
N        0xCE009FFF, 0xD3009FFF, 0xD8009FFF, 0xDE009FFF, 0xE3009FFF, 0xE9009FFF, 0xEF009FFF, 0xF5009FFF, 0xF9009FFF, 0xFD009FFF, 0xFF009FFF, 0xFF009FFF, 0xFF009FFF, 0xFF009FFF, 0xFF009FFF, 0xFF009FFF, 0xFF009FFF, 0xFFFFFFFF, 0xFFFFFFFF, 0xFFFFFFFF, 
N        0xFFFFFFFF, 0xFFFFFFFF, 0xFFFFFFFF
N};
N
N
N/* *** End of file *** */
