L 1 "..\LCD\font64.c"
N/*
N≤ ∆¡µƒÕº±Í,µ•…´Õº±Í
NœÒÀÿ 64*64
N*/
N
N#include "font_header.h"
L 1 "..\LCD\font_header.h" 1
N
N#ifndef _FONT_HEADER_H_
N#define _FONT_HEADER_H_
N
N#include "stdint.h"
L 1 "..\USR\stm32\stdint.h" 1
N/* Copyright (C) ARM Ltd., 1999 */
N/* All rights reserved */
N
N/*
N * RCS $Revision: 180721 $
N * Checkin $Date: 2013-06-24 09:41:57 +0100 (Mon, 24 Jun 2013) $
N * Revising $Author: agrant $
N */
N
N#ifndef __stdint_h
N#define __stdint_h
N#define __ARMCLIB_VERSION 5040049
N
N/*
N * Depending on compiler version __int64 or __INT64_TYPE__ should be defined.
N */
N#ifndef __int64
N  #ifdef __INT64_TYPE__
S    #define __int64 __INT64_TYPE__
N  #endif
N  /* On some architectures neither of these may be defined - if so, fall
N     through and error out if used. */
N#endif
N
N  #ifndef __STDINT_DECLS
N  #define __STDINT_DECLS
N
N    #undef __CLIBNS
N
N    #ifdef __cplusplus
S      namespace std {
S          #define __CLIBNS std::
S          extern "C" {
N    #else
N      #define __CLIBNS
N    #endif  /* __cplusplus */
N
N
N/*
N * 'signed' is redundant below, except for 'signed char' and if
N * the typedef is used to declare a bitfield.
N * '__int64' is used instead of 'long long' so that this header
N * can be used in --strict mode.
N */
N
N    /* 7.18.1.1 */
N
N    /* exact-width signed integer types */
Ntypedef   signed          char int8_t;
Ntypedef   signed short     int int16_t;
Ntypedef   signed           int int32_t;
Ntypedef   signed       __int64 int64_t;
N
N    /* exact-width unsigned integer types */
Ntypedef unsigned          char uint8_t;
Ntypedef unsigned short     int uint16_t;
Ntypedef unsigned           int uint32_t;
Ntypedef unsigned       __int64 uint64_t;
N
N
Ntypedef enum{FALSE = 0, TRUE = !FALSE}bool;
N
N    /* 7.18.1.2 */
N
N    /* smallest type of at least n bits */
N    /* minimum-width signed integer types */
Ntypedef   signed          char int_least8_t;
Ntypedef   signed short     int int_least16_t;
Ntypedef   signed           int int_least32_t;
Ntypedef   signed       __int64 int_least64_t;
N
N    /* minimum-width unsigned integer types */
Ntypedef unsigned          char uint_least8_t;
Ntypedef unsigned short     int uint_least16_t;
Ntypedef unsigned           int uint_least32_t;
Ntypedef unsigned       __int64 uint_least64_t;
N
N    /* 7.18.1.3 */
N
N    /* fastest minimum-width signed integer types */
Ntypedef   signed           int int_fast8_t;
Ntypedef   signed           int int_fast16_t;
Ntypedef   signed           int int_fast32_t;
Ntypedef   signed       __int64 int_fast64_t;
N
N    /* fastest minimum-width unsigned integer types */
Ntypedef unsigned           int uint_fast8_t;
Ntypedef unsigned           int uint_fast16_t;
Ntypedef unsigned           int uint_fast32_t;
Ntypedef unsigned       __int64 uint_fast64_t;
N
N    /* 7.18.1.4 integer types capable of holding object pointers */
Ntypedef   signed           int intptr_t;
Ntypedef unsigned           int uintptr_t;
N
N    /* 7.18.1.5 greatest-width integer types */
Ntypedef   signed       __int64 intmax_t;
Ntypedef unsigned       __int64 uintmax_t;
N
N
N#if !defined(__cplusplus) || defined(__STDC_LIMIT_MACROS)
X#if !0L || 0L
N
N    /* 7.18.2.1 */
N
N    /* minimum values of exact-width signed integer types */
N#define INT8_MIN                   -128
N#define INT16_MIN                -32768
N#define INT32_MIN          (~0x7fffffff)   /* -2147483648 is unsigned */
N#define INT64_MIN  __ESCAPE__(~0x7fffffffffffffffll) /* -9223372036854775808 is unsigned */
N
N    /* maximum values of exact-width signed integer types */
N#define INT8_MAX                    127
N#define INT16_MAX                 32767
N#define INT32_MAX            2147483647
N#define INT64_MAX  __ESCAPE__(9223372036854775807ll)
N
N    /* maximum values of exact-width unsigned integer types */
N#define UINT8_MAX                   255
N#define UINT16_MAX                65535
N#define UINT32_MAX           4294967295u
N#define UINT64_MAX __ESCAPE__(18446744073709551615ull)
N
N    /* 7.18.2.2 */
N
N    /* minimum values of minimum-width signed integer types */
N#define INT_LEAST8_MIN                   -128
N#define INT_LEAST16_MIN                -32768
N#define INT_LEAST32_MIN          (~0x7fffffff)
N#define INT_LEAST64_MIN  __ESCAPE__(~0x7fffffffffffffffll)
N
N    /* maximum values of minimum-width signed integer types */
N#define INT_LEAST8_MAX                    127
N#define INT_LEAST16_MAX                 32767
N#define INT_LEAST32_MAX            2147483647
N#define INT_LEAST64_MAX  __ESCAPE__(9223372036854775807ll)
N
N    /* maximum values of minimum-width unsigned integer types */
N#define UINT_LEAST8_MAX                   255
N#define UINT_LEAST16_MAX                65535
N#define UINT_LEAST32_MAX           4294967295u
N#define UINT_LEAST64_MAX __ESCAPE__(18446744073709551615ull)
N
N    /* 7.18.2.3 */
N
N    /* minimum values of fastest minimum-width signed integer types */
N#define INT_FAST8_MIN           (~0x7fffffff)
N#define INT_FAST16_MIN          (~0x7fffffff)
N#define INT_FAST32_MIN          (~0x7fffffff)
N#define INT_FAST64_MIN  __ESCAPE__(~0x7fffffffffffffffll)
N
N    /* maximum values of fastest minimum-width signed integer types */
N#define INT_FAST8_MAX             2147483647
N#define INT_FAST16_MAX            2147483647
N#define INT_FAST32_MAX            2147483647
N#define INT_FAST64_MAX  __ESCAPE__(9223372036854775807ll)
N
N    /* maximum values of fastest minimum-width unsigned integer types */
N#define UINT_FAST8_MAX            4294967295u
N#define UINT_FAST16_MAX           4294967295u
N#define UINT_FAST32_MAX           4294967295u
N#define UINT_FAST64_MAX __ESCAPE__(18446744073709551615ull)
N
N    /* 7.18.2.4 */
N
N    /* minimum value of pointer-holding signed integer type */
N#define INTPTR_MIN (~0x7fffffff)
N
N    /* maximum value of pointer-holding signed integer type */
N#define INTPTR_MAX   2147483647
N
N    /* maximum value of pointer-holding unsigned integer type */
N#define UINTPTR_MAX  4294967295u
N
N    /* 7.18.2.5 */
N
N    /* minimum value of greatest-width signed integer type */
N#define INTMAX_MIN  __ESCAPE__(~0x7fffffffffffffffll)
N
N    /* maximum value of greatest-width signed integer type */
N#define INTMAX_MAX  __ESCAPE__(9223372036854775807ll)
N
N    /* maximum value of greatest-width unsigned integer type */
N#define UINTMAX_MAX __ESCAPE__(18446744073709551615ull)
N
N    /* 7.18.3 */
N
N    /* limits of ptrdiff_t */
N#define PTRDIFF_MIN (~0x7fffffff)
N#define PTRDIFF_MAX   2147483647
N
N    /* limits of sig_atomic_t */
N#define SIG_ATOMIC_MIN (~0x7fffffff)
N#define SIG_ATOMIC_MAX   2147483647
N
N    /* limit of size_t */
N#define SIZE_MAX 4294967295u
N
N    /* limits of wchar_t */
N    /* NB we have to undef and redef because they're defined in both
N     * stdint.h and wchar.h */
N#undef WCHAR_MIN
N#undef WCHAR_MAX
N
N#if defined(__WCHAR32) || (defined(__ARM_SIZEOF_WCHAR_T) && __ARM_SIZEOF_WCHAR_T == 4)
X#if 0L || (0L && __ARM_SIZEOF_WCHAR_T == 4)
S  #define WCHAR_MIN   0
S  #define WCHAR_MAX   0xffffffffU
N#else
N  #define WCHAR_MIN   0
N  #define WCHAR_MAX   65535
N#endif
N
N    /* limits of wint_t */
N#define WINT_MIN (~0x7fffffff)
N#define WINT_MAX 2147483647
N
N#endif /* __STDC_LIMIT_MACROS */
N
N#if !defined(__cplusplus) || defined(__STDC_CONSTANT_MACROS)
X#if !0L || 0L
N
N    /* 7.18.4.1 macros for minimum-width integer constants */
N#define INT8_C(x)   (x)
N#define INT16_C(x)  (x)
N#define INT32_C(x)  (x)
N#define INT64_C(x)  __ESCAPE__(x ## ll)
N
N#define UINT8_C(x)  (x ## u)
N#define UINT16_C(x) (x ## u)
N#define UINT32_C(x) (x ## u)
N#define UINT64_C(x) __ESCAPE__(x ## ull)
N
N    /* 7.18.4.2 macros for greatest-width integer constants */
N#define INTMAX_C(x)  __ESCAPE__(x ## ll)
N#define UINTMAX_C(x) __ESCAPE__(x ## ull)
N
N#endif /* __STDC_CONSTANT_MACROS */
N
N    #ifdef __cplusplus
S         }  /* extern "C" */
S      }  /* namespace std */
N    #endif /* __cplusplus */
N  #endif /* __STDINT_DECLS */
N
N  #ifdef __cplusplus
S    #ifndef __STDINT_NO_EXPORTS
S      using ::std::int8_t;
S      using ::std::int16_t;
S      using ::std::int32_t;
S      using ::std::int64_t;
S      using ::std::uint8_t;
S      using ::std::uint16_t;
S      using ::std::uint32_t;
S      using ::std::uint64_t;
S      using ::std::int_least8_t;
S      using ::std::int_least16_t;
S      using ::std::int_least32_t;
S      using ::std::int_least64_t;
S      using ::std::uint_least8_t;
S      using ::std::uint_least16_t;
S      using ::std::uint_least32_t;
S      using ::std::uint_least64_t;
S      using ::std::int_fast8_t;
S      using ::std::int_fast16_t;
S      using ::std::int_fast32_t;
S      using ::std::int_fast64_t;
S      using ::std::uint_fast8_t;
S      using ::std::uint_fast16_t;
S      using ::std::uint_fast32_t;
S      using ::std::uint_fast64_t;
S      using ::std::intptr_t;
S      using ::std::uintptr_t;
S      using ::std::intmax_t;
S      using ::std::uintmax_t;
S    #endif 
N  #endif /* __cplusplus */
N
N#endif /* __stdint_h */
N
N/* end of stdint.h */
N
N
N
L 6 "..\LCD\font_header.h" 2
N#include "configure.h"
L 1 "..\USR\stm32\configure.h" 1
N/*
NÁî®Êà∑ÈÖçÁΩÆÊñá‰ª∂
NÊèê‰æõÁªôÁ®ãÂ∫èÂëò‰øÆÊîπÈÖçÁΩÆÁî®
N*/
N
N#ifndef _CONFIGURE_H_
N#define _CONFIGURE_H_
N
N//#define  USER_LOG	//Áî®Êà∑Êó•ÂøóËæìÂá∫
N//#define  USE_FULL_ASSERT	//ÂºÄÂêØÊñ≠Ë®Ä
N
N
N#define SCREENILI9806  	0		//5ÂØ∏Â±è
N#define SCREENRA8875   	1		//Êó∫ÂÆù7ÂØ∏Â±è
N#define V_SCREENRA8875  2		//Êó∫ÂÆù7ÂØ∏Â±è,Á´ñÂ±è
N#define TM12864Z		3		//Â∏¶Â≠óÂ∫ìÁöÑ12864Â±èÔºà3.3V 20pÊèíÈíàÔºâ
N#define TM12864_NO_FONT	4		//‰∏çÂ∏¶Â≠óÂ∫ìÁöÑ12864Â±èÔºà3.3V 20pÊèíÈíàÔºâ
N
N
N#define SCREEN     V_SCREENRA8875	//Â±èÂπïÁ±ªÂûã
N
N
N/*
NÊú∫ÊüúÂèÇÊï∞
N*/
N#define MAX_CHANNEL_SIZE		80	//Âçï‰∏ÄÊú∫ÊüúÊúÄÂ§ßË¥ßÈÅìÊï∞
N#define MAX_CONTAINER_SIZE		9	//ÊúÄÂ§öÊîØÊåÅÁöÑÊú∫ÊüúÊï∞
N#define MAX_LAYER_SIZE			8	//ÊúÄÂ§ßÊîØÊåÅÁöÑÂ±ÇÊï∞ÔºåÊâòÁõòÊï∞
N#define MAX_COLUMN_SIZE			10	//ÊúÄÂ§ßÊîØÊåÅÁöÑÂçïÂ±ÇË¥ßÈÅìÊï∞ÔºåÂàóÊï∞
N
N
N#if ((SCREEN == TM12864Z) || (SCREEN == TM12864_NO_FONT))	//ËìùÂ±è
X#if ((2 == 3) || (2 == 4))	
S	#define LCD_CLEAR_SIDE	lcd_clear(); 
S	#define LCD_DRAW_FRAME 	 ((void)0)//Âï•‰πü‰∏çÊâßË°å
S	#define JY_MILK		//Âùá‰∫öÁâõÂ•∂
S	
S#elif (SCREEN == SCREENILI9806 || SCREEN == SCREENRA8875)	//ÂΩ©Â±èÊ®™Â±è
X#elif (2 == 0 || 2 == 1)	
S	#define LCD_CLEAR_SIDE	lcd_fill_color(300, 0, ((lcd_get_xsize()) - 300), (lcd_get_ysize()), BLUE)//lcd_fill_color(6*48 - 24, 0, 5, 480, WHITE); 
S	#define LCD_DRAW_FRAME 	lcd_fill_color(6*48 - 24, 0, 5, 480, WHITE)
S
N#elif SCREEN == V_SCREENRA8875	//ÂΩ©Â±èÁ´ñÂ±è
X#elif 2 == 2	
N	#define LCD_CLEAR_SIDE	lcd_fill_color(0, 400, 480, 400, BLUE)//lcd_fill_color(6*48 - 24, 0, 5, 480, WHITE); 
N	#define LCD_DRAW_FRAME 	lcd_fill_color(0, 398, 480, 3, WHITE)
N
N#endif
N
N
N
N
N#define FLASH_APP_ADDR		(0x08010000)  	//Áî®Êà∑Á®ãÂ∫èËµ∑ÂßãÂú∞ÂùÄ
N
N#endif
L 7 "..\LCD\font_header.h" 2
N
N
N///////////////////////////////////////
N/*       Defines for constants
N*/
N#define	________	0x0
N#define	_______X	0x1
N#define	______X_	0x2
N#define	______XX	0x3
N#define	_____X__	0x4
N#define	_____X_X	0x5
N#define	_____XX_	0x6
N#define	_____XXX	0x7
N#define	____X___	0x8
N#define	____X__X	0x9
N#define	____X_X_	0xa
N#define	____X_XX	0xb
N#define	____XX__	0xc
N#define	____XX_X	0xd
N#define	____XXX_	0xe
N#define	____XXXX	0xf
N#define	___X____	0x10
N#define	___X___X	0x11
N#define	___X__X_	0x12
N#define	___X__XX	0x13
N#define	___X_X__	0x14
N#define	___X_X_X	0x15
N#define	___X_XX_	0x16
N#define	___X_XXX	0x17
N#define	___XX___	0x18
N#define	___XX__X	0x19
N#define	___XX_X_	0x1a
N#define	___XX_XX	0x1b
N#define	___XXX__	0x1c
N#define	___XXX_X	0x1d
N#define	___XXXX_	0x1e
N#define	___XXXXX	0x1f
N#define	__X_____	0x20
N#define	__X____X	0x21
N#define	__X___X_	0x22
N#define	__X___XX	0x23
N#define	__X__X__	0x24
N#define	__X__X_X	0x25
N#define	__X__XX_	0x26
N#define	__X__XXX	0x27
N#define	__X_X___	0x28
N#define	__X_X__X	0x29
N#define	__X_X_X_	0x2a
N#define	__X_X_XX	0x2b
N#define	__X_XX__	0x2c
N#define	__X_XX_X	0x2d
N#define	__X_XXX_	0x2e
N#define	__X_XXXX	0x2f
N#define	__XX____	0x30
N#define	__XX___X	0x31
N#define	__XX__X_	0x32
N#define	__XX__XX	0x33
N#define	__XX_X__	0x34
N#define	__XX_X_X	0x35
N#define	__XX_XX_	0x36
N#define	__XX_XXX	0x37
N#define	__XXX___	0x38
N#define	__XXX__X	0x39
N#define	__XXX_X_	0x3a
N#define	__XXX_XX	0x3b
N#define	__XXXX__	0x3c
N#define	__XXXX_X	0x3d
N#define	__XXXXX_	0x3e
N#define	__XXXXXX	0x3f
N#define	_X______	0x40
N#define	_X_____X	0x41
N#define	_X____X_	0x42
N#define	_X____XX	0x43
N#define	_X___X__	0x44
N#define	_X___X_X	0x45
N#define	_X___XX_	0x46
N#define	_X___XXX	0x47
N#define	_X__X___	0x48
N#define	_X__X__X	0x49
N#define	_X__X_X_	0x4a
N#define	_X__X_XX	0x4b
N#define	_X__XX__	0x4c
N#define	_X__XX_X	0x4d
N#define	_X__XXX_	0x4e
N#define	_X__XXXX	0x4f
N#define	_X_X____	0x50
N#define	_X_X___X	0x51
N#define	_X_X__X_	0x52
N#define	_X_X__XX	0x53
N#define	_X_X_X__	0x54
N#define	_X_X_X_X	0x55
N#define	_X_X_XX_	0x56
N#define	_X_X_XXX	0x57
N#define	_X_XX___	0x58
N#define	_X_XX__X	0x59
N#define	_X_XX_X_	0x5a
N#define	_X_XX_XX	0x5b
N#define	_X_XXX__	0x5c
N#define	_X_XXX_X	0x5d
N#define	_X_XXXX_	0x5e
N#define	_X_XXXXX	0x5f
N#define	_XX_____	0x60
N#define	_XX____X	0x61
N#define	_XX___X_	0x62
N#define	_XX___XX	0x63
N#define	_XX__X__	0x64
N#define	_XX__X_X	0x65
N#define	_XX__XX_	0x66
N#define	_XX__XXX	0x67
N#define	_XX_X___	0x68
N#define	_XX_X__X	0x69
N#define	_XX_X_X_	0x6a
N#define	_XX_X_XX	0x6b
N#define	_XX_XX__	0x6c
N#define	_XX_XX_X	0x6d
N#define	_XX_XXX_	0x6e
N#define	_XX_XXXX	0x6f
N#define	_XXX____	0x70
N#define	_XXX___X	0x71
N#define	_XXX__X_	0x72
N#define	_XXX__XX	0x73
N#define	_XXX_X__	0x74
N#define	_XXX_X_X	0x75
N#define	_XXX_XX_	0x76
N#define	_XXX_XXX	0x77
N#define	_XXXX___	0x78
N#define	_XXXX__X	0x79
N#define	_XXXX_X_	0x7a
N#define	_XXXX_XX	0x7b
N#define	_XXXXX__	0x7c
N#define	_XXXXX_X	0x7d
N#define	_XXXXXX_	0x7e
N#define	_XXXXXXX	0x7f
N#define	X_______	0x80
N#define	X______X	0x81
N#define	X_____X_	0x82
N#define	X_____XX	0x83
N#define	X____X__	0x84
N#define	X____X_X	0x85
N#define	X____XX_	0x86
N#define	X____XXX	0x87
N#define	X___X___	0x88
N#define	X___X__X	0x89
N#define	X___X_X_	0x8a
N#define	X___X_XX	0x8b
N#define	X___XX__	0x8c
N#define	X___XX_X	0x8d
N#define	X___XXX_	0x8e
N#define	X___XXXX	0x8f
N#define	X__X____	0x90
N#define	X__X___X	0x91
N#define	X__X__X_	0x92
N#define	X__X__XX	0x93
N#define	X__X_X__	0x94
N#define	X__X_X_X	0x95
N#define	X__X_XX_	0x96
N#define	X__X_XXX	0x97
N#define	X__XX___	0x98
N#define	X__XX__X	0x99
N#define	X__XX_X_	0x9a
N#define X__XX_XX	0x9b
N#define X__XXX__	0x9c
N#define X__XXX_X	0x9d
N#define	X__XXXX_	0x9e
N#define	X__XXXXX	0x9f
N#define	X_X_____	0xa0
N#define	X_X____X	0xa1
N#define	X_X___X_	0xa2
N#define	X_X___XX	0xa3
N#define	X_X__X__	0xa4
N#define	X_X__X_X	0xa5
N#define	X_X__XX_	0xa6
N#define	X_X__XXX	0xa7
N#define	X_X_X___	0xa8
N#define	X_X_X__X	0xa9
N#define	X_X_X_X_	0xaa
N#define	X_X_X_XX	0xab
N#define	X_X_XX__	0xac
N#define	X_X_XX_X	0xad
N#define	X_X_XXX_	0xae
N#define	X_X_XXXX	0xaf
N#define	X_XX____	0xb0
N#define X_XX___X	0xb1
N#define	X_XX__X_	0xb2
N#define	X_XX__XX	0xb3
N#define	X_XX_X__	0xb4
N#define	X_XX_X_X	0xb5
N#define	X_XX_XX_	0xb6
N#define	X_XX_XXX	0xb7
N#define	X_XXX___	0xb8
N#define	X_XXX__X	0xb9
N#define	X_XXX_X_	0xba
N#define	X_XXX_XX	0xbb
N#define	X_XXXX__	0xbc
N#define	X_XXXX_X	0xbd
N#define	X_XXXXX_	0xbe
N#define	X_XXXXXX	0xbf
N#define	XX______	0xc0
N#define	XX_____X	0xc1
N#define	XX____X_	0xc2
N#define	XX____XX	0xc3
N#define	XX___X__	0xc4
N#define	XX___X_X	0xc5
N#define	XX___XX_	0xc6
N#define	XX___XXX	0xc7
N#define	XX__X___	0xc8
N#define	XX__X__X	0xc9
N#define	XX__X_X_	0xca
N#define	XX__X_XX	0xcb
N#define	XX__XX__	0xcc
N#define	XX__XX_X	0xcd
N#define	XX__XXX_	0xce
N#define XX__XXXX	0xcf
N#define	XX_X____	0xd0
N#define	XX_X___X	0xd1
N#define	XX_X__X_	0xd2
N#define	XX_X__XX	0xd3
N#define	XX_X_X__	0xd4
N#define	XX_X_X_X	0xd5
N#define	XX_X_XX_	0xd6
N#define	XX_X_XXX	0xd7
N#define	XX_XX___	0xd8
N#define	XX_XX__X	0xd9
N#define	XX_XX_X_	0xda
N#define	XX_XX_XX	0xdb
N#define	XX_XXX__	0xdc
N#define	XX_XXX_X	0xdd
N#define	XX_XXXX_	0xde
N#define	XX_XXXXX	0xdf
N#define	XXX_____	0xe0
N#define	XXX____X	0xe1
N#define	XXX___X_	0xe2
N#define	XXX___XX	0xe3
N#define	XXX__X__	0xe4
N#define	XXX__X_X	0xe5
N#define	XXX__XX_	0xe6
N#define	XXX__XXX	0xe7
N#define	XXX_X___	0xe8
N#define	XXX_X__X	0xe9
N#define	XXX_X_X_	0xea
N#define	XXX_X_XX	0xeb
N#define	XXX_XX__	0xec
N#define	XXX_XX_X	0xed
N#define	XXX_XXX_	0xee
N#define	XXX_XXXX	0xef
N#define	XXXX____	0xf0
N#define	XXXX___X	0xf1
N#define	XXXX__X_	0xf2
N#define	XXXX__XX	0xf3
N#define	XXXX_X__	0xf4
N#define	XXXX_X_X	0xf5
N#define	XXXX_XX_	0xf6
N#define	XXXX_XXX	0xf7
N#define	XXXXX___	0xf8
N#define	XXXXX__X	0xf9
N#define	XXXXX_X_	0xfa
N#define	XXXXX_XX	0xfb
N#define	XXXXXX__	0xfc
N#define	XXXXXX_X	0xfd
N#define	XXXXXXX_	0xfe
N#define	XXXXXXXX	0xff
N
N
N
Ntypedef struct BX_FONT
N{
N	const uint8_t size;//◊÷ÃÂ¥Û–°
N	const char* index;//Œƒ◊÷À˜“˝
N	const uint8_t* lattice;//µ„’Û
N}BX_FONT;
N
Nextern const BX_FONT  font96;
Nextern const BX_FONT  font48;
Nextern const BX_FONT  font16;
Nextern const BX_FONT  font64;
N
N#endif
L 7 "..\LCD\font64.c" 2
N
Nstatic const uint8_t lattice_64[] = {
N
N//wifi àDòÀ
N0x00,0x00,0x00,0x00,0x00,0x00,0x00,0x00,0x00,0x00,0x00,0x00,0x00,0x00,0x00,0x00,0x00,0x02,0x00,0x00,0x00,0x00,0x00,0x00,0x00,0x07,0xFC,0x00,0x00,0x00,0x00,0x00,
N0x00,0x07,0xFF,0xE0,0x00,0x00,0x00,0x00,0x00,0x07,0xFF,0xFE,0x00,0x00,0x00,0x00,0x00,0x07,0xFF,0xFF,0x00,0x00,0x00,0x00,0x00,0x07,0xFF,0xFF,0xE0,0x00,0x00,0x00,
N0x00,0x07,0xFF,0xFF,0xF8,0x00,0x00,0x00,0x00,0x07,0xFF,0xFF,0xFE,0x00,0x00,0x00,0x00,0x07,0xFF,0xFF,0xFF,0x00,0x00,0x00,0x00,0x07,0xFF,0xFF,0xFF,0xC0,0x00,0x00,
N0x00,0x07,0xFF,0xFF,0xFF,0xE0,0x00,0x00,0x00,0x07,0xFF,0xFF,0xFF,0xF8,0x00,0x00,0x00,0x07,0xFF,0xFF,0xFF,0xFC,0x00,0x00,0x00,0x00,0x07,0xFF,0xFF,0xFE,0x00,0x00,
N0x00,0x00,0x00,0x7F,0xFF,0xFF,0x00,0x00,0x00,0x00,0x00,0x1F,0xFF,0xFF,0x80,0x00,0x00,0x00,0x00,0x03,0xFF,0xFF,0x80,0x00,0x00,0x00,0x00,0x00,0xFF,0xFF,0xE0,0x00,
N0x00,0x00,0x00,0x00,0x3F,0xFF,0xF0,0x00,0x00,0x00,0x00,0x00,0x1F,0xFF,0xF0,0x00,0x00,0x00,0x00,0x00,0x0F,0xFF,0xF8,0x00,0x00,0x07,0xF8,0x00,0x07,0xFF,0xFC,0x00,
N0x00,0x07,0xFF,0x00,0x01,0xFF,0xFC,0x00,0x00,0x07,0xFF,0xE0,0x00,0xFF,0xFE,0x00,0x00,0x07,0xFF,0xF8,0x00,0x7F,0xFF,0x00,0x00,0x07,0xFF,0xFC,0x00,0x3F,0xFF,0x00,
N0x00,0x07,0xFF,0xFE,0x00,0x3F,0xFF,0x80,0x00,0x07,0xFF,0xFF,0x80,0x1F,0xFF,0x80,0x00,0x07,0xFF,0xFF,0xC0,0x0F,0xFF,0xC0,0x00,0x07,0xFF,0xFF,0xE0,0x0F,0xFF,0xE0,
N0x00,0x07,0xFF,0xFF,0xF0,0x07,0xFF,0xE0,0x00,0x07,0xFF,0xFF,0xF8,0x03,0xFF,0xE0,0x00,0x07,0xFF,0xFF,0xFC,0x03,0xFF,0xF0,0x00,0x00,0x1F,0xFF,0xFC,0x01,0xFF,0xF0,
N0x00,0x00,0x07,0xFF,0xFE,0x01,0xFF,0xF0,0x00,0x00,0x01,0xFF,0xFE,0x00,0xFF,0xF0,0x00,0x00,0x00,0x7F,0xFF,0x00,0xFF,0xF8,0x00,0x00,0x00,0x3F,0xFF,0x00,0x7F,0xF8,
N0x00,0x00,0x00,0x1F,0xFF,0x80,0x7F,0xFC,0x00,0x00,0x00,0x0F,0xFF,0x80,0x7F,0xFC,0x00,0x00,0x00,0x0F,0xFF,0xC0,0x3F,0xFC,0x00,0x3F,0xC0,0x07,0xFF,0xC0,0x3F,0xFC,
N0x00,0xFF,0xF0,0x03,0xFF,0xE0,0x3F,0xFC,0x01,0xFF,0xF8,0x03,0xFF,0xC0,0x3F,0xFC,0x03,0xFF,0xFC,0x03,0xFF,0xE0,0x3F,0xFE,0x03,0xFF,0xFE,0x03,0xFF,0xE0,0x1F,0xFE,
N0x07,0xFF,0xFE,0x01,0xFF,0xE0,0x1F,0xFE,0x07,0xFF,0xFE,0x01,0xFF,0xE0,0x1F,0xFE,0x0F,0xFF,0xFF,0x01,0xFF,0xE0,0x1F,0xFE,0x0F,0xFF,0xFF,0x01,0xFF,0xE0,0x1F,0xFE,
N0x0F,0xFF,0xFF,0x01,0xFF,0xE0,0x1F,0xFE,0x0F,0xFF,0xFF,0x00,0x00,0x00,0x00,0x00,0x0F,0xFF,0xFE,0x00,0x00,0x00,0x00,0x00,0x07,0xFF,0xFE,0x00,0x00,0x00,0x00,0x00,
N0x07,0xFF,0xFE,0x00,0x00,0x00,0x00,0x00,0x07,0xFF,0xFE,0x00,0x00,0x00,0x00,0x00,0x03,0xFF,0xFC,0x00,0x00,0x00,0x00,0x00,0x01,0xFF,0xF8,0x00,0x00,0x00,0x00,0x00,
N0x00,0xFF,0xF0,0x00,0x00,0x00,0x00,0x00,0x00,0x3F,0xC0,0x00,0x00,0x00,0x00,0x00,0x00,0x00,0x00,0x00,0x00,0x00,0x00,0x00,0x00,0x00,0x00,0x00,0x00,0x00,0x00,0x00,
N/* (64 X 64 )*/
N
N//—u¿‰àDòÀ
N0x00,0x00,0x00,0x00,0x00,0x00,0x00,0x00,0x00,0x00,0x00,0x00,0x00,0x00,0x00,0x00,0x00,0x00,0x00,0x00,0x00,0x00,0x00,0x00,0x00,0x00,0x00,0x01,0xC0,0x00,0x00,0x00,
N0x00,0x00,0x00,0x01,0xC0,0x00,0x00,0x00,0x00,0x00,0x00,0x01,0x40,0x00,0x00,0x00,0x00,0x00,0x00,0x01,0xC0,0x00,0x00,0x00,0x00,0x00,0x00,0x01,0xC0,0x00,0x00,0x00,
N0x00,0x00,0x00,0x0D,0x98,0x00,0x00,0x00,0x00,0x00,0x00,0x0F,0xF8,0x00,0x00,0x00,0x00,0x00,0x00,0x03,0xF0,0x00,0x00,0x00,0x00,0x00,0x00,0x11,0xC4,0x00,0x00,0x00,
N0x00,0x00,0x00,0x3C,0xDC,0x00,0x00,0x00,0x00,0x00,0x00,0x1F,0xF8,0x00,0x00,0x00,0x00,0x00,0x00,0x07,0xF0,0x00,0x00,0x00,0x00,0x00,0x00,0x31,0xC0,0x00,0x00,0x00,
N0x04,0x00,0x00,0x39,0x86,0x00,0x00,0x10,0x0F,0x09,0x00,0x1F,0x9E,0x00,0x98,0x70,0x06,0x8D,0x80,0xCF,0xF8,0x00,0xD9,0xF0,0x01,0xED,0x8C,0xE3,0xE1,0x99,0x9B,0xC0,
N0x00,0xFD,0x8C,0xF9,0xC7,0x99,0x9F,0x00,0x00,0x3E,0xCC,0x9F,0x9D,0x99,0xBE,0x00,0x00,0xFF,0xCC,0x8F,0xF9,0x99,0xFF,0x80,0x00,0xC3,0xEC,0x83,0xE1,0x9B,0xE3,0x80,
N0x00,0x0F,0xFC,0xC1,0xC1,0x9F,0xF8,0x00,0x00,0x3E,0x3C,0xC1,0x81,0xBE,0x3C,0x00,0x00,0x38,0x7F,0xC5,0xD1,0xFF,0x0C,0x00,0x00,0x03,0xF3,0xCF,0xFB,0xE7,0xE0,0x00,
N0x00,0x03,0x87,0xFF,0xFF,0xF1,0xE0,0x00,0x00,0x00,0x1E,0x7F,0xFE,0x7C,0x00,0x00,0x00,0x00,0xF8,0x1F,0xFC,0x1F,0x00,0x00,0x00,0x01,0xE0,0x3F,0xFE,0x03,0x80,0x00,
N0x00,0x00,0xE0,0x7F,0xFE,0x03,0x80,0x00,0x00,0x00,0xF8,0x1F,0xFC,0x0F,0x00,0x00,0x00,0x02,0x1E,0x7F,0xFF,0x3C,0x20,0x00,0x00,0x07,0x8F,0xFF,0xFF,0xD8,0xE0,0x00,
N0x00,0x01,0xE7,0xCF,0xF1,0xE7,0xC0,0x00,0x00,0x10,0x7F,0x81,0xC1,0xFF,0x04,0x00,0x00,0x1C,0x3D,0x81,0xC0,0xDE,0x3C,0x00,0x00,0x0F,0xF9,0x81,0xC0,0xDF,0xF0,0x00,
N0x01,0xC3,0xFD,0x83,0xE0,0xDF,0xE3,0x80,0x00,0xFF,0xD9,0x87,0xF1,0xDD,0xFF,0x00,0x00,0x3E,0x99,0x9F,0xFC,0xD9,0xBE,0x00,0x00,0xF8,0xD9,0xF9,0x9F,0xD9,0x8F,0x80,
N0x03,0xC8,0x99,0xE3,0xC3,0x89,0x8B,0xE0,0x0F,0x99,0x80,0x0F,0xF0,0x01,0x88,0xF0,0x0E,0x18,0x00,0x1F,0xFC,0x00,0x0C,0x30,0x00,0x00,0x00,0x39,0x8E,0x00,0x00,0x00,
N0x00,0x00,0x00,0x21,0xC2,0x00,0x00,0x00,0x00,0x00,0x00,0x0F,0xE0,0x00,0x00,0x00,0x00,0x00,0x00,0x1D,0xF8,0x00,0x00,0x00,0x00,0x00,0x00,0x39,0x9C,0x00,0x00,0x00,
N0x00,0x00,0x00,0x01,0xC0,0x00,0x00,0x00,0x00,0x00,0x00,0x03,0xE0,0x00,0x00,0x00,0x00,0x00,0x00,0x07,0xF0,0x00,0x00,0x00,0x00,0x00,0x00,0x0D,0x98,0x00,0x00,0x00,
N0x00,0x00,0x00,0x01,0x80,0x00,0x00,0x00,0x00,0x00,0x00,0x01,0x80,0x00,0x00,0x00,0x00,0x00,0x00,0x01,0xC0,0x00,0x00,0x00,0x00,0x00,0x00,0x01,0x80,0x00,0x00,0x00,
N0x00,0x00,0x00,0x01,0xC0,0x00,0x00,0x00,0x00,0x00,0x00,0x00,0x00,0x00,0x00,0x00,0x00,0x00,0x00,0x00,0x00,0x00,0x00,0x00,0x00,0x00,0x00,0x00,0x00,0x00,0x00,0x00,/*"C:\Users\Han\Desktop\—©ª®.bmp",0*/
N/* (64 X 64 )*/
N
N//üÙπ‚’’√˜
N0x00,0x00,0x00,0x00,0x00,0x00,0x00,0x00,0x00,0x00,0x00,0x00,0xC0,0x00,0x00,0x00,0x00,0x00,0x00,0x01,0xE0,0x00,0x00,0x00,0x00,0x00,0x00,0x01,0xE0,0x00,0x00,0x00,
N0x00,0x00,0x00,0x01,0xE0,0x00,0x00,0x00,0x00,0x00,0x1C,0x01,0xE0,0x0E,0x00,0x00,0x00,0x00,0x3E,0x01,0xE0,0x1F,0x00,0x00,0x00,0x00,0x3E,0x01,0xE0,0x1F,0x00,0x00,
N0x00,0x00,0x3F,0x01,0xE0,0x3F,0x00,0x00,0x00,0x00,0x1F,0x01,0xE0,0x3E,0x00,0x00,0x00,0x00,0x1F,0x81,0xE0,0x7E,0x00,0x00,0x00,0x00,0x0F,0x80,0xC0,0x7C,0x00,0x00,
N0x00,0x00,0x0F,0x80,0x00,0x7C,0x00,0x00,0x00,0x00,0x07,0x8F,0xFC,0x78,0x00,0x00,0x00,0x00,0x03,0x7F,0xFF,0x30,0x00,0x00,0x00,0x78,0x00,0xFF,0xFF,0xC0,0x07,0x80,
N0x00,0x7E,0x03,0xFF,0xFF,0xF0,0x1F,0x80,0x00,0x7F,0x87,0xFF,0xFF,0xF8,0x7F,0x80,0x00,0x7F,0xCF,0xF8,0x07,0xFC,0xFF,0x80,0x00,0x3F,0xCF,0xE0,0x01,0xFC,0xFF,0x00,
N0x00,0x0F,0xDF,0x80,0xF8,0x7E,0xFC,0x00,0x00,0x07,0xBF,0x00,0xF8,0x3F,0x78,0x00,0x00,0x00,0x3E,0x01,0xF8,0x3F,0x00,0x00,0x00,0x00,0x7E,0x01,0xF8,0x1F,0x80,0x00,
N0x00,0x00,0x7C,0x01,0xF0,0x0F,0x80,0x00,0x00,0x00,0x7C,0x03,0xF0,0x0F,0x80,0x00,0x00,0x00,0xF8,0x03,0xF0,0x07,0xC0,0x00,0x00,0x00,0xF8,0x03,0xE0,0x07,0xC0,0x00,
N0x03,0xFE,0xF8,0x07,0xF8,0x07,0xDF,0xF0,0x07,0xFE,0xF8,0x07,0xF8,0x07,0xDF,0xF8,0x07,0xFE,0xF8,0x0F,0xF8,0x07,0xDF,0xF8,0x07,0xFE,0xF8,0x0F,0xF0,0x07,0xDF,0xF8,
N0x03,0xFC,0xF8,0x03,0xE0,0x07,0xCF,0xF0,0x00,0x00,0xF8,0x03,0xE0,0x07,0xC0,0x00,0x00,0x00,0xFC,0x03,0xC0,0x0F,0x80,0x00,0x00,0x00,0x7C,0x03,0x80,0x0F,0x80,0x00,
N0x00,0x00,0x7C,0x03,0x00,0x0F,0x80,0x00,0x00,0x00,0x7E,0x03,0x00,0x1F,0x00,0x00,0x00,0x01,0xBF,0x02,0x00,0x3F,0x60,0x00,0x00,0x07,0xDF,0x84,0x00,0x7E,0xF8,0x00,
N0x00,0x1F,0xDF,0xC0,0x00,0xFE,0xFE,0x00,0x00,0x3F,0xCF,0xE0,0x01,0xFC,0xFF,0x00,0x00,0x7F,0x87,0xF8,0x07,0xF8,0x7F,0x80,0x00,0xFF,0x03,0xFC,0x0F,0xF0,0x3F,0x80,
N0x00,0x7C,0x01,0xFC,0x0F,0xE0,0x0F,0x80,0x00,0x78,0x00,0xFC,0x0F,0xC0,0x07,0x80,0x00,0x00,0x00,0x7C,0x0F,0x80,0x00,0x00,0x00,0x00,0x00,0x7F,0xFF,0x80,0x00,0x00,
N0x00,0x00,0x00,0x7F,0xFF,0x80,0x00,0x00,0x00,0x00,0x00,0x7F,0xFF,0x80,0x00,0x00,0x00,0x00,0x00,0x7F,0xFF,0x80,0x00,0x00,0x00,0x00,0x00,0x7F,0xFF,0x80,0x00,0x00,
N0x00,0x00,0x00,0x7C,0x0F,0x80,0x00,0x00,0x00,0x00,0x00,0x7C,0x0F,0x80,0x00,0x00,0x00,0x00,0x00,0x7F,0xFF,0x80,0x00,0x00,0x00,0x00,0x00,0x7F,0xFF,0x80,0x00,0x00,
N0x00,0x00,0x00,0x7F,0xFF,0x80,0x00,0x00,0x00,0x00,0x00,0x3F,0xFF,0x00,0x00,0x00,0x00,0x00,0x00,0x1F,0xFE,0x00,0x00,0x00,0x00,0x00,0x00,0x07,0xF8,0x00,0x00,0x00,
N0x00,0x00,0x00,0x07,0xF8,0x00,0x00,0x00,0x00,0x00,0x00,0x03,0xF0,0x00,0x00,0x00,0x00,0x00,0x00,0x01,0xE0,0x00,0x00,0x00,0x00,0x00,0x00,0x00,0x00,0x00,0x00,0x00,/*"C:\Users\Han\Desktop\dneg.bmp",0*/
N/* (64 X 64 )*/
N
N//ÈTÈ_àDòÀ
N0x00,0x00,0x00,0x00,0x00,0x00,0x00,0x00,0x00,0x00,0x00,0x00,0x00,0x00,0x00,0x00,0x00,0x00,0x00,0x00,0x00,0x00,0x00,0x00,0x00,0x00,0x00,0x00,0x00,0x00,0x00,0x00,
N0x00,0x00,0x00,0x0F,0xFF,0x00,0x00,0x00,0x00,0x00,0x00,0x3F,0xFF,0xC0,0x00,0x00,0x00,0x00,0x00,0xFF,0xFF,0xF0,0x00,0x00,0x00,0x00,0x01,0xFF,0xFF,0xF8,0x00,0x00,
N0x00,0x00,0x03,0xFF,0xFF,0xFE,0x00,0x00,0x00,0x00,0x07,0xFF,0x07,0xFE,0x00,0x00,0x00,0x00,0x0F,0xF8,0x01,0xFF,0x00,0x00,0x00,0x00,0x1F,0xE0,0x00,0x7F,0x80,0x00,
N0x00,0x00,0x1F,0xC0,0x00,0x3F,0x80,0x00,0x00,0x00,0x3F,0x80,0x00,0x1F,0xC0,0x00,0x00,0x00,0x3F,0x80,0x00,0x0F,0xC0,0x00,0x00,0x00,0x7F,0x00,0x00,0x0F,0xE0,0x00,
N0x00,0x00,0x7F,0x00,0x00,0x0F,0xE0,0x00,0x00,0x00,0x7E,0x00,0x00,0x07,0xE0,0x00,0x00,0x00,0xFE,0x00,0x00,0x07,0xE0,0x00,0x00,0x00,0xFC,0x00,0x00,0x07,0xE0,0x00,
N0x00,0x01,0xF8,0x00,0x00,0x07,0xE0,0x00,0x00,0x01,0xE0,0x00,0x00,0x0F,0xE0,0x00,0x00,0x03,0xE0,0x00,0x00,0x0F,0xE0,0x00,0x00,0x03,0xF0,0x00,0x00,0x0F,0xC0,0x00,
N0x00,0x03,0xF0,0x00,0x00,0x1F,0xC0,0x00,0x00,0x01,0xF0,0x00,0x00,0x1F,0xC0,0x00,0x00,0x00,0x00,0x00,0x00,0x3F,0x80,0x00,0x00,0x00,0x00,0x00,0x00,0x3F,0x80,0x00,
N0x00,0x00,0x00,0x00,0x00,0x3F,0x00,0x00,0x00,0x00,0x00,0x00,0x00,0x7F,0x00,0x00,0x00,0x00,0x00,0x00,0x00,0x7E,0x00,0x00,0x00,0x3F,0xFF,0xFF,0xFF,0xFF,0xF0,0x00,
N0x00,0x3F,0xFF,0xFF,0xFF,0xFF,0xF0,0x00,0x00,0x3F,0xFF,0xFF,0xFF,0xFF,0xF0,0x00,0x00,0x3F,0xFF,0xFF,0xFF,0xFF,0xF0,0x00,0x00,0x3F,0xFF,0xFF,0xFF,0xFF,0xF0,0x00,
N0x00,0x3F,0xFF,0xFF,0xFF,0xFF,0xF0,0x00,0x00,0x3F,0xFF,0xF0,0x3F,0xFF,0xF0,0x00,0x00,0x3F,0xFF,0xE0,0x1F,0xFF,0xF0,0x00,0x00,0x3F,0xFF,0xE0,0x1F,0xFF,0xF0,0x00,
N0x00,0x3F,0xFF,0xC0,0x0F,0xFF,0xF0,0x00,0x00,0x3F,0xFF,0xC0,0x0F,0xFF,0xF0,0x00,0x00,0x3F,0xFF,0xE0,0x1F,0xFF,0xF0,0x00,0x00,0x3F,0xFF,0xE0,0x1F,0xFF,0xF0,0x00,
N0x00,0x3F,0xFF,0xF8,0x7F,0xFF,0xF0,0x00,0x00,0x3F,0xFF,0xF8,0x7F,0xFF,0xF0,0x00,0x00,0x3F,0xFF,0xF8,0x7F,0xFF,0xF0,0x00,0x00,0x3F,0xFF,0xF0,0x3F,0xFF,0xF0,0x00,
N0x00,0x3F,0xFF,0xF0,0x3F,0xFF,0xF0,0x00,0x00,0x3F,0xFF,0xF0,0x3F,0xFF,0xF0,0x00,0x00,0x3F,0xFF,0xF0,0x3F,0xFF,0xF0,0x00,0x00,0x3F,0xFF,0xF0,0x3F,0xFF,0xF0,0x00,
N0x00,0x3F,0xFF,0xF0,0x3F,0xFF,0xF0,0x00,0x00,0x3F,0xFF,0xFF,0xFF,0xFF,0xF0,0x00,0x00,0x3F,0xFF,0xFF,0xFF,0xFF,0xF0,0x00,0x00,0x3F,0xFF,0xFF,0xFF,0xFF,0xF0,0x00,
N0x00,0x3F,0xFF,0xFF,0xFF,0xFF,0xF0,0x00,0x00,0x3F,0xFF,0xFF,0xFF,0xFF,0xF0,0x00,0x00,0x3F,0xFF,0xFF,0xFF,0xFF,0xF0,0x00,0x00,0x3F,0xFF,0xFF,0xFF,0xFF,0xF0,0x00,
N0x00,0x00,0x00,0x00,0x00,0x00,0x00,0x00,0x00,0x00,0x00,0x00,0x00,0x00,0x00,0x00,0x00,0x00,0x00,0x00,0x00,0x00,0x00,0x00,0x00,0x00,0x00,0x00,0x00,0x00,0x00,0x00,/*"C:\Users\Han\Desktop\√≈.bmp",0*/
N/* (64 X 64 )*/
N
N//ôCôôàDòÀ
N0x00,0x00,0x00,0x00,0x00,0x00,0x00,0x00,0x00,0x00,0x00,0x00,0x00,0x00,0x00,0x00,0x00,0x00,0x00,0x00,0x00,0x00,0x00,0x00,0x00,0x00,0x00,0x00,0x00,0x00,0x00,0x00,
N0x00,0x00,0x00,0x00,0x00,0x00,0x00,0x00,0x00,0x00,0x00,0x00,0x00,0x00,0x00,0x00,0x00,0x00,0x00,0x00,0x00,0x00,0x00,0x00,0x00,0x00,0x00,0x00,0x00,0x00,0x00,0x00,
N0x00,0x03,0xFF,0xFF,0xFF,0xFF,0xC0,0x00,0x00,0x1F,0xFF,0xFF,0xFF,0xFF,0xF8,0x00,0x00,0x3F,0xFF,0xFF,0xFF,0xFF,0xFC,0x00,0x00,0x7F,0xFF,0xFF,0xFF,0xFF,0xFE,0x00,
N0x00,0x7F,0xFF,0xFF,0xFF,0xFF,0xFE,0x00,0x00,0x78,0x00,0x00,0x00,0x7C,0x1F,0x00,0x00,0x78,0x00,0x00,0x00,0x7C,0x1F,0x00,0x00,0x78,0x00,0x00,0x00,0x38,0x1F,0x00,
N0x00,0x78,0x00,0x00,0x00,0x38,0x1F,0x00,0x00,0x78,0x60,0x60,0x60,0x38,0x1F,0x00,0x00,0x78,0x60,0x60,0x60,0x39,0xDF,0x00,0x00,0x78,0x90,0x90,0x90,0x39,0xDF,0x00,
N0x00,0x78,0x90,0x90,0x90,0x39,0xDF,0x00,0x00,0x78,0x90,0x90,0x90,0x39,0xDF,0x00,0x00,0x78,0xF0,0xF0,0xF0,0x38,0x1F,0x00,0x00,0x79,0xFF,0xFF,0xFF,0xB8,0x1F,0x00,
N0x00,0x79,0xFF,0xFF,0xFF,0xB8,0x1F,0x00,0x00,0x78,0x00,0x00,0x00,0x38,0x1F,0x00,0x00,0x78,0x00,0x00,0x00,0x38,0x1F,0x00,0x00,0x78,0x00,0x00,0x00,0x38,0x1F,0x00,
N0x00,0x78,0x00,0x00,0x00,0x38,0x1F,0x00,0x00,0x78,0x00,0x00,0x00,0x38,0x1F,0x00,0x00,0x78,0x00,0x00,0x00,0x38,0x1F,0x00,0x00,0x78,0x00,0x00,0x00,0x38,0x1F,0x00,
N0x00,0x78,0x00,0x00,0x00,0x38,0x9F,0x00,0x00,0x78,0x00,0x00,0x00,0x38,0x9F,0x00,0x00,0x79,0xFF,0xFF,0xFF,0xB8,0x9F,0x00,0x00,0x79,0xFF,0xFF,0xFF,0xB8,0x1F,0x00,
N0x00,0x78,0x00,0x00,0x00,0x38,0x1F,0x00,0x00,0x78,0x00,0x00,0x00,0x38,0x1F,0x00,0x00,0x78,0x00,0x00,0x00,0x38,0x1F,0x00,0x00,0x78,0x00,0x00,0x00,0x38,0x1F,0x00,
N0x00,0x78,0x00,0x00,0x00,0x38,0x1F,0x00,0x00,0x78,0x00,0x00,0x00,0x38,0x1F,0x00,0x00,0x78,0x00,0x00,0x00,0x38,0x1F,0x00,0x00,0x78,0x00,0x00,0x00,0x38,0x1F,0x00,
N0x00,0x78,0x00,0x00,0x00,0x38,0x1F,0x00,0x00,0x79,0xFF,0xFF,0xFF,0xB8,0x1F,0x00,0x00,0x79,0xFF,0xFF,0xFF,0xB9,0xDF,0x00,0x00,0x78,0x00,0x00,0x00,0x39,0x5F,0x00,
N0x00,0x78,0x00,0x00,0x00,0x38,0x9F,0x00,0x00,0x78,0x00,0x00,0x00,0x38,0x1F,0x00,0x00,0x78,0x00,0x00,0x00,0x38,0x1F,0x00,0x00,0x78,0x00,0x00,0x00,0x7C,0x1F,0x00,
N0x00,0x78,0x00,0x00,0x00,0x7C,0x1F,0x00,0x00,0x7F,0xFF,0xFF,0xFF,0xFF,0xFE,0x00,0x00,0x7F,0xFF,0xFF,0xFF,0xFF,0xFE,0x00,0x00,0x3F,0xFF,0xFF,0xFF,0xFF,0xFC,0x00,
N0x00,0x1F,0xFF,0xFF,0xFF,0xFF,0xF8,0x00,0x00,0x00,0x00,0x00,0x00,0x00,0x00,0x00,0x00,0x00,0x00,0x00,0x00,0x00,0x00,0x00,0x00,0x00,0x00,0x00,0x00,0x00,0x00,0x00,
N0x00,0x00,0x00,0x00,0x00,0x00,0x00,0x00,0x00,0x00,0x00,0x00,0x00,0x00,0x00,0x00,0x00,0x00,0x00,0x00,0x00,0x00,0x00,0x00,0x00,0x00,0x00,0x00,0x00,0x00,0x00,0x00,/*"C:\Users\Han\Desktop\ª˙πÒ.bmp",0*/
N/* (64 X 64 )*/
N//◊œÕ‚œ˚∂æ
N0x00,0x00,0x00,0x00,0x00,0x00,0x00,0x00,0x00,0x00,0x00,0x00,0x00,0x00,0x00,0x00,0x00,0x00,0x00,0x00,0x00,0x00,0x00,0x00,0x00,0x00,0x00,0x00,0x00,0x00,0x00,0x00,
N0x00,0x00,0x00,0x60,0x01,0x80,0x00,0x00,0x00,0x00,0x00,0x78,0x03,0xC0,0x00,0x00,0x00,0x00,0x00,0xFC,0x0F,0xC0,0x00,0x00,0x00,0x00,0x00,0xFF,0x3F,0xE0,0x00,0x00,
N0x00,0x00,0x01,0xFF,0xFF,0xE0,0x00,0x00,0x00,0x00,0x03,0xFF,0xFF,0xF0,0x00,0x00,0x00,0x00,0x03,0xE0,0xC0,0xF8,0x00,0x00,0x00,0x07,0xFF,0x1F,0xFF,0x3F,0xF8,0x00,
N0x00,0x07,0xFC,0xFF,0xFF,0xCF,0xFC,0x00,0x00,0x07,0xFB,0xFF,0xFF,0xF3,0xFC,0x00,0x00,0x07,0xE7,0xFF,0xFF,0xFD,0xFC,0x00,0x00,0x07,0xCF,0xFF,0xFF,0xFE,0xFC,0x00,
N0x00,0x07,0x9F,0xFF,0xFF,0xFF,0x7C,0x00,0x00,0x07,0x3F,0xFF,0xFF,0xFF,0xBC,0x00,0x00,0x07,0x7F,0xFF,0xFF,0xFF,0xDC,0x00,0x00,0x06,0xFF,0xFF,0xFF,0xFF,0xEC,0x00,
N0x00,0x0D,0xFF,0xFF,0xFF,0xFF,0xEC,0x00,0x00,0x1D,0xE1,0xF0,0x87,0xE1,0xF7,0x00,0x00,0x7B,0xF1,0xF0,0xC3,0xE3,0xF7,0x80,0x01,0xFB,0xF1,0xF0,0xC3,0xC3,0xFB,0xE0,
N0x03,0xF7,0xE1,0xF0,0xC3,0xC3,0xFB,0xF8,0x03,0xF7,0xF1,0xF0,0xE1,0xC7,0xFF,0xF8,0x03,0xF7,0xF1,0xF0,0xE1,0x87,0xFD,0xF0,0x01,0xEF,0xF1,0xF0,0xF1,0x87,0xFD,0xF0,
N0x01,0xEF,0xE1,0xF0,0xF0,0x8F,0xFD,0xE0,0x00,0xEF,0xF0,0xF0,0xF0,0x0F,0xFD,0xE0,0x00,0xEF,0xF0,0xE0,0xF8,0x0F,0xFE,0xC0,0x00,0x6F,0xF0,0x01,0xF8,0x1F,0xFE,0x80,
N0x00,0x6F,0xF8,0x03,0xF8,0x1F,0xFE,0x80,0x00,0x6F,0xFC,0x07,0xFC,0x3F,0xFE,0x80,0x00,0xEF,0xFF,0xFF,0xFF,0xFF,0xFE,0xC0,0x00,0xEF,0xFF,0xFF,0xFF,0xFF,0xFD,0xE0,
N0x01,0xEF,0xFF,0xFF,0xFF,0xFF,0xFD,0xE0,0x01,0xEF,0xFF,0xFF,0xFF,0xFF,0xFD,0xF0,0x03,0xF7,0xFF,0xFF,0xFF,0xFF,0xFD,0xF0,0x03,0xF7,0xFF,0xFF,0xFF,0xFF,0xFD,0xF8,
N0x03,0xF7,0xFF,0xFF,0xFF,0xFF,0xFB,0xF8,0x01,0xFB,0xFF,0xFF,0xFF,0xFF,0xFB,0xE0,0x00,0x7B,0xFF,0xFF,0xFF,0xFF,0xF7,0x80,0x00,0x1D,0xFF,0xFF,0xFF,0xFF,0xF7,0x00,
N0x00,0x0D,0xFF,0xFF,0xFF,0xFF,0xEC,0x00,0x00,0x06,0xFF,0xFF,0xFF,0xFF,0xCC,0x00,0x00,0x06,0x7F,0xFF,0xFF,0xFF,0xDC,0x00,0x00,0x07,0x3F,0xFF,0xFF,0xFF,0xBC,0x00,
N0x00,0x07,0x9F,0xFF,0xFF,0xFF,0x7C,0x00,0x00,0x07,0xCF,0xFF,0xFF,0xFE,0xFC,0x00,0x00,0x07,0xE7,0xFF,0xFF,0xFD,0xFC,0x00,0x00,0x07,0xF9,0xFF,0xFF,0xF3,0xFC,0x00,
N0x00,0x07,0xFC,0xFF,0xFF,0xCF,0xFC,0x00,0x00,0x07,0xFF,0x1F,0xFF,0x3F,0xF8,0x00,0x00,0x00,0x03,0xE0,0xC0,0xF8,0x00,0x00,0x00,0x00,0x01,0xFF,0xFF,0xF0,0x00,0x00,
N0x00,0x00,0x01,0xFF,0xFF,0xE0,0x00,0x00,0x00,0x00,0x00,0xFF,0x3F,0xE0,0x00,0x00,0x00,0x00,0x00,0xFC,0x0F,0xC0,0x00,0x00,0x00,0x00,0x00,0x78,0x03,0xC0,0x00,0x00,
N0x00,0x00,0x00,0x60,0x01,0x80,0x00,0x00,0x00,0x00,0x00,0x00,0x00,0x00,0x00,0x00,0x00,0x00,0x00,0x00,0x00,0x00,0x00,0x00,0x00,0x00,0x00,0x00,0x00,0x00,0x00,0x00,/*"C:\Users\Han\Desktop\…±∂æ.bmp",0*/
N/* (64 X 64 )*/
N
N//ø’∞◊◊÷∑˚
N0x00,0x00,0x00,0x00,0x00,0x00,0x00,0x00,0x00,0x00,0x00,0x00,0x00,0x00,0x00,0x00,0x00,0x00,0x00,0x00,0x00,0x00,0x00,0x00,0x00,0x00,0x00,0x00,0x00,0x00,0x00,0x00,
N0x00,0x00,0x00,0x00,0x00,0x00,0x00,0x00,0x00,0x00,0x00,0x00,0x00,0x00,0x00,0x00,0x00,0x00,0x00,0x00,0x00,0x00,0x00,0x00,0x00,0x00,0x00,0x00,0x00,0x00,0x00,0x00,
N0x00,0x00,0x00,0x00,0x00,0x00,0x00,0x00,0x00,0x00,0x00,0x00,0x00,0x00,0x00,0x00,0x00,0x00,0x00,0x00,0x00,0x00,0x00,0x00,0x00,0x00,0x00,0x00,0x00,0x00,0x00,0x00,
N0x00,0x00,0x00,0x00,0x00,0x00,0x00,0x00,0x00,0x00,0x00,0x00,0x00,0x00,0x00,0x00,0x00,0x00,0x00,0x00,0x00,0x00,0x00,0x00,0x00,0x00,0x00,0x00,0x00,0x00,0x00,0x00,
N0x00,0x00,0x00,0x00,0x00,0x00,0x00,0x00,0x00,0x00,0x00,0x00,0x00,0x00,0x00,0x00,0x00,0x00,0x00,0x00,0x00,0x00,0x00,0x00,0x00,0x00,0x00,0x00,0x00,0x00,0x00,0x00,
N0x00,0x00,0x00,0x00,0x00,0x00,0x00,0x00,0x00,0x00,0x00,0x00,0x00,0x00,0x00,0x00,0x00,0x00,0x00,0x00,0x00,0x00,0x00,0x00,0x00,0x00,0x00,0x00,0x00,0x00,0x00,0x00,
N0x00,0x00,0x00,0x00,0x00,0x00,0x00,0x00,0x00,0x00,0x00,0x00,0x00,0x00,0x00,0x00,0x00,0x00,0x00,0x00,0x00,0x00,0x00,0x00,0x00,0x00,0x00,0x00,0x00,0x00,0x00,0x00,
N0x00,0x00,0x00,0x00,0x00,0x00,0x00,0x00,0x00,0x00,0x00,0x00,0x00,0x00,0x00,0x00,0x00,0x00,0x00,0x00,0x00,0x00,0x00,0x00,0x00,0x00,0x00,0x00,0x00,0x00,0x00,0x00,/*" ",0*/
N/* (32 X 64 , ÀŒÃÂ )*/
N
N/*º”»»Õº±Í*/
N0x00,0x00,0x00,0x00,0x00,0x00,0x00,0x00,0x00,0x00,0x00,0x00,0x00,0x00,0x00,0x00,0xFE,0xFF,0xFF,0xFF,0xFF,0xFF,0xFF,0x7F,0xFE,0xFF,0xFF,0xFF,0xFF,0xFF,0xFF,0x7F,
N0xFE,0xFF,0xFF,0xFF,0xFF,0xFF,0xFF,0x7F,0xFE,0xFF,0xFF,0xFF,0xFF,0xFF,0xFF,0x7F,0xFE,0xFF,0xFF,0xFF,0xFF,0xFF,0xFF,0x7F,0xFE,0xFF,0xFF,0xFF,0xFF,0xFF,0xFF,0x7F,
N0xFE,0xFF,0xFF,0xFF,0xFF,0xFF,0xFF,0x7F,0x3E,0x00,0x00,0x00,0x00,0x00,0x00,0x7C,0x3E,0x00,0x00,0x00,0x00,0x00,0x00,0x7C,0x3E,0x00,0x00,0x00,0x00,0x00,0x00,0x7C,
N0x3E,0x00,0x00,0x00,0x00,0x00,0x00,0x7C,0x3E,0x00,0x00,0x00,0x00,0x00,0x00,0x7C,0x3E,0x00,0x00,0x80,0x01,0x30,0x00,0x7C,0x3E,0x00,0x0C,0x80,0x01,0x30,0x00,0x7C,
N0x3E,0x00,0x0C,0x80,0x01,0x30,0x00,0x7C,0x3E,0x00,0x0C,0x80,0x01,0x30,0x00,0x7C,0x3E,0x00,0x0C,0xC0,0x03,0x70,0x00,0x7C,0x3E,0x00,0x1E,0xC0,0x03,0x78,0x00,0x7C,
N0x3E,0x00,0x1E,0xC0,0x03,0x78,0x00,0x7C,0x3E,0x00,0x1F,0xE0,0x03,0xF8,0x00,0x7C,0x3E,0x00,0x3F,0xE0,0x07,0xFC,0x00,0x7C,0x3E,0x00,0x3F,0xE0,0x07,0xFC,0x00,0x7C,
N0x3E,0x80,0x3F,0xE0,0x07,0xFC,0x01,0x7C,0x3E,0x80,0x7F,0xF0,0x0F,0xFE,0x01,0x7C,0x3E,0x80,0x7F,0xF0,0x0F,0xFE,0x01,0x7C,0x3E,0xC0,0x7F,0xF0,0x0F,0xFE,0x03,0x7C,
N0x3E,0xC0,0xFF,0xF8,0x1F,0xFF,0x03,0x7C,0x3E,0xC0,0xFF,0xF8,0x1F,0xFF,0x03,0x7C,0x3E,0xE0,0xFF,0xF8,0x1F,0xFF,0x07,0x7C,0x3E,0xE0,0xFF,0xFC,0x1F,0xFF,0x07,0x7C,
N0x3E,0x00,0x1F,0xE0,0x03,0x7C,0x00,0x7C,0x3E,0x00,0x1F,0xE0,0x03,0x7C,0x00,0x7C,0x3E,0x00,0x1F,0xE0,0x03,0x7C,0x00,0x7C,0x3E,0x00,0x1F,0xE0,0x03,0x7C,0x00,0x7C,
N0x3E,0x00,0x1F,0xE0,0x03,0x7C,0x00,0x7C,0x3E,0x00,0x1F,0xE0,0x03,0x7C,0x00,0x7C,0x3E,0x00,0x1F,0xE0,0x03,0xFC,0x00,0x7C,0x3E,0x00,0x1F,0xE0,0x07,0xFC,0x00,0x7C,
N0x3E,0x00,0x3F,0xE0,0x07,0xF8,0x00,0x7C,0x3E,0x00,0x3E,0xC0,0x07,0xF8,0x00,0x7C,0x3E,0x00,0x3E,0xC0,0x07,0xF8,0x00,0x7C,0x3E,0x00,0x3E,0xC0,0x0F,0xF8,0x01,0x7C,
N0x3E,0x00,0x7E,0xC0,0x0F,0xF8,0x01,0x7C,0xFE,0xFF,0xFF,0xFF,0xFF,0xFF,0xFF,0x7F,0xFE,0xFF,0xFF,0xFF,0xFF,0xFF,0xFF,0x7F,0xFE,0xFF,0xFF,0xFF,0xFF,0xFF,0xFF,0x7F,
N0xFE,0xFF,0xFF,0xFF,0xFF,0xFF,0xFF,0x7F,0xFE,0xFF,0xFF,0xFF,0xFF,0xFF,0xFF,0x7F,0xFE,0xFF,0xFF,0xFF,0xFF,0xFF,0xFF,0x7F,0xFE,0xFF,0xFF,0xFF,0xFF,0xFF,0xFF,0x7F,
N0xFE,0xFF,0xFF,0xFF,0xFF,0xFF,0xFF,0x7F,0x00,0x00,0xF8,0x00,0x1F,0xE0,0x03,0x00,0x00,0x00,0xF8,0x00,0x1F,0xE0,0x03,0x00,0x00,0x00,0xF8,0x00,0x1F,0xE0,0x03,0x00,
N0x00,0x00,0xF8,0x00,0x1F,0xE0,0x03,0x00,0x00,0x00,0xF8,0x00,0x1F,0xE0,0x03,0x00,0x00,0x00,0xF8,0x00,0x1F,0xE0,0x03,0x00,0x00,0x00,0xF8,0x00,0x1F,0xE0,0x03,0x00,
N0x00,0x00,0xF8,0x00,0x1F,0xE0,0x03,0x00,0x00,0x00,0xF0,0x00,0x1E,0xC0,0x03,0x00,0x00,0x00,0xE0,0x00,0x1C,0x80,0x03,0x00,0x00,0x00,0x80,0x00,0x18,0x00,0x02,0x00,/*"C:\Users\Han\Desktop\QQΩÿÕº20171008193432.bmp",0*/
N/* (64 X 64 )*/
N
N
N0x00,0x00,0x00,0x00,0x00,0x00,0x00,0x00,0x00,0x00,0x00,0x03,0xE0,0x00,0x00,0x00,0x00,0x00,0x00,0x07,0xF0,0x00,0x00,0x00,0x00,0x00,0x00,0x0F,0xF8,0x00,0x00,0x00,0x00,0x00,0x00,0x1F,0x7C,0x00,0x00,0x00,0x00,0x00,0x00,0x3E,0x3E,0x00,0x00,0x00,0x00,0x7F,0xFF,0xFF,0xFF,0xFF,0xFE,0x00,0x00,0xFF,0xFF,0xFF,0xFF,0xFF,0xFF,0x00,
N0x03,0xFF,0xFF,0xFF,0xFF,0xFF,0xFF,0x80,0x07,0xE0,0x00,0x00,0x00,0x00,0x07,0xC0,0x0F,0x80,0x00,0x00,0x00,0x00,0x01,0xE0,0x0F,0x00,0x00,0x00,0x00,0x00,0x00,0xF0,0x0E,0x00,0x00,0x00,0x00,0x00,0x00,0x70,0x0E,0x07,0xFF,0xFF,0xFF,0xFF,0xF0,0x70,0x0E,0x07,0xFF,0xFF,0xFF,0xFF,0xF0,0x70,0x0E,0x07,0xFF,0xFF,0xFF,0xFF,0xF0,0x70,
N0x0E,0x00,0x00,0x00,0x00,0x00,0x00,0x70,0x0E,0x00,0x00,0x00,0x00,0x00,0x00,0x70,0x0E,0x00,0x00,0x00,0x00,0x00,0x00,0x70,0x0E,0x07,0xFF,0xFF,0xFF,0xFF,0xF0,0x70,0x0E,0x07,0xFF,0xFF,0xFF,0xFF,0xF0,0x70,0x0E,0x07,0xFF,0xFF,0xFF,0xFF,0xF0,0x70,0x0E,0x00,0x00,0x00,0x00,0x00,0x00,0x70,0x1E,0x00,0x00,0x00,0x00,0x00,0x00,0x78,
N0x1E,0x00,0x00,0x00,0x00,0x00,0x00,0x7C,0x3E,0x00,0x00,0x00,0x00,0x00,0x00,0xFC,0x7F,0x87,0xFF,0xFF,0xFF,0xFF,0xF1,0xFE,0x7F,0xC7,0xFF,0xFF,0xFF,0xFF,0xF3,0xFE,0x7B,0xE7,0xFF,0xFF,0xFF,0xFF,0xF7,0xFE,0x79,0xF0,0x00,0x00,0x00,0x00,0x0F,0x9E,0x78,0xF8,0x00,0x00,0x00,0x00,0x1F,0x1E,0x78,0x7C,0x00,0x00,0x00,0x00,0x3E,0x1E,
N0x78,0x3E,0x00,0x00,0x00,0x00,0x7C,0x1E,0x78,0x1F,0x00,0x00,0x00,0x00,0xF8,0x1E,0x78,0x0F,0x80,0x00,0x00,0x01,0xF0,0x1E,0x78,0x07,0xC0,0x00,0x00,0x03,0xE0,0x1E,0x78,0x03,0xE0,0x03,0xE0,0x07,0xC0,0x1E,0x78,0x01,0xF0,0x07,0xF0,0x0F,0x80,0x1E,0x78,0x00,0xF8,0x0F,0xF8,0x1F,0x00,0x1E,0x78,0x00,0x7C,0x1E,0x3C,0x3E,0x00,0x1E,
N0x78,0x00,0x3E,0x3C,0x1E,0x7C,0x00,0x1E,0x78,0x00,0x1F,0x78,0x0F,0xF8,0x00,0x1E,0x78,0x00,0x0F,0xF0,0x07,0xF0,0x00,0x1E,0x78,0x00,0x07,0xE0,0x03,0xE0,0x00,0x1E,0x78,0x00,0x03,0xC0,0x01,0xF0,0x00,0x1E,0x78,0x00,0x0F,0x80,0x00,0xF8,0x00,0x1E,0x78,0x00,0x1F,0x00,0x00,0x7C,0x00,0x1E,0x78,0x00,0x3E,0x00,0x00,0x3E,0x00,0x1E,
N0x78,0x00,0x7C,0x00,0x00,0x1F,0x00,0x1E,0x78,0x00,0xF8,0x00,0x00,0x0F,0x80,0x1E,0x78,0x01,0xF0,0x00,0x00,0x07,0xC0,0x1E,0x78,0x03,0xE0,0x00,0x00,0x03,0xE0,0x1E,0x78,0x07,0xC0,0x00,0x00,0x01,0xF0,0x1E,0x78,0x0F,0x80,0x00,0x00,0x00,0xF8,0x1E,0x78,0x1F,0x00,0x00,0x00,0x00,0x7C,0x1E,0x78,0x3E,0x00,0x00,0x00,0x00,0x3E,0x1E,
N0x78,0x7C,0x00,0x00,0x00,0x00,0x1F,0x1E,0x78,0xF8,0x00,0x00,0x00,0x00,0x0F,0x9E,0x79,0xF0,0x00,0x00,0x00,0x00,0x07,0xDE,0x7F,0xE0,0x00,0x00,0x00,0x00,0x03,0xFC,0x3F,0xFF,0xFF,0xFF,0xFF,0xFF,0xFF,0xFC,0x3F,0xFF,0xFF,0xFF,0xFF,0xFF,0xFF,0xF8,0x0F,0xFF,0xFF,0xFF,0xFF,0xFF,0xFF,0xE0,0x00,0x00,0x00,0x00,0x00,0x00,0x00,0x00,/*"C:\Users\Han\Desktop\QQΩÿÕº20171008195757.bmp",0*/
N/* (64 X 64 )*/
N};
N
N/*
Nƒ⁄¬Î±Ì/À˜“˝±Ì
N*/
Nstatic const  char index_64[]="ÃñÉˆüÙÈTôCö¢ ü·îµ";
N
N
N/*
N◊÷ÛwΩYòã
N*/
Nconst BX_FONT  font64={64, index_64, lattice_64};
N
